{"C:\\Users\\bobby\\OneDrive\\Documents\\RMT-059\\PHASE-2\\Individual-project-yourfoods\\MyBooks\\server\\app.js": {"path":"C:\\Users\\bobby\\OneDrive\\Documents\\RMT-059\\PHASE-2\\Individual-project-yourfoods\\MyBooks\\server\\app.js","statementMap":{"0":{"start":{"line":1,"column":0},"end":{"line":3,"column":1}},"1":{"start":{"line":2,"column":4},"end":{"line":2,"column":30}},"2":{"start":{"line":5,"column":16},"end":{"line":5,"column":34}},"3":{"start":{"line":6,"column":12},"end":{"line":6,"column":21}},"4":{"start":{"line":7,"column":13},"end":{"line":7,"column":28}},"5":{"start":{"line":8,"column":15},"end":{"line":8,"column":32}},"6":{"start":{"line":9,"column":23},"end":{"line":9,"column":62}},"7":{"start":{"line":10,"column":23},"end":{"line":10,"column":62}},"8":{"start":{"line":11,"column":27},"end":{"line":11,"column":70}},"9":{"start":{"line":12,"column":27},"end":{"line":12,"column":70}},"10":{"start":{"line":13,"column":23},"end":{"line":13,"column":62}},"11":{"start":{"line":14,"column":30},"end":{"line":14,"column":76}},"12":{"start":{"line":15,"column":24},"end":{"line":15,"column":64}},"13":{"start":{"line":16,"column":25},"end":{"line":16,"column":66}},"14":{"start":{"line":18,"column":0},"end":{"line":18,"column":15}},"15":{"start":{"line":19,"column":0},"end":{"line":19,"column":23}},"16":{"start":{"line":20,"column":0},"end":{"line":20,"column":48}},"17":{"start":{"line":22,"column":0},"end":{"line":22,"column":15}},"18":{"start":{"line":24,"column":0},"end":{"line":26,"column":2}},"19":{"start":{"line":25,"column":4},"end":{"line":25,"column":39}},"20":{"start":{"line":29,"column":0},"end":{"line":29,"column":53}},"21":{"start":{"line":30,"column":0},"end":{"line":30,"column":42}},"22":{"start":{"line":32,"column":0},"end":{"line":32,"column":85}},"23":{"start":{"line":33,"column":0},"end":{"line":33,"column":88}},"24":{"start":{"line":34,"column":0},"end":{"line":34,"column":88}},"25":{"start":{"line":37,"column":0},"end":{"line":37,"column":53}},"26":{"start":{"line":40,"column":0},"end":{"line":40,"column":45}},"27":{"start":{"line":41,"column":0},"end":{"line":41,"column":49}},"28":{"start":{"line":42,"column":0},"end":{"line":42,"column":52}},"29":{"start":{"line":45,"column":0},"end":{"line":45,"column":77}},"30":{"start":{"line":46,"column":0},"end":{"line":46,"column":83}},"31":{"start":{"line":47,"column":0},"end":{"line":47,"column":86}},"32":{"start":{"line":50,"column":0},"end":{"line":50,"column":85}},"33":{"start":{"line":51,"column":0},"end":{"line":51,"column":82}},"34":{"start":{"line":54,"column":0},"end":{"line":54,"column":86}},"35":{"start":{"line":55,"column":0},"end":{"line":55,"column":65}},"36":{"start":{"line":58,"column":0},"end":{"line":58,"column":95}},"37":{"start":{"line":59,"column":0},"end":{"line":59,"column":99}},"38":{"start":{"line":62,"column":0},"end":{"line":62,"column":95}},"39":{"start":{"line":63,"column":0},"end":{"line":63,"column":103}},"40":{"start":{"line":66,"column":0},"end":{"line":66,"column":81}},"41":{"start":{"line":67,"column":0},"end":{"line":67,"column":88}},"42":{"start":{"line":68,"column":0},"end":{"line":68,"column":87}},"43":{"start":{"line":70,"column":0},"end":{"line":70,"column":20}}},"fnMap":{"0":{"name":"(anonymous_0)","decl":{"start":{"line":24,"column":13},"end":{"line":24,"column":14}},"loc":{"start":{"line":24,"column":27},"end":{"line":26,"column":1}},"line":24}},"branchMap":{"0":{"loc":{"start":{"line":1,"column":0},"end":{"line":3,"column":1}},"type":"if","locations":[{"start":{"line":1,"column":0},"end":{"line":3,"column":1}},{"start":{},"end":{}}],"line":1}},"s":{"0":4,"1":3,"2":4,"3":4,"4":4,"5":4,"6":4,"7":4,"8":4,"9":4,"10":4,"11":4,"12":4,"13":4,"14":4,"15":4,"16":4,"17":4,"18":4,"19":1,"20":4,"21":4,"22":4,"23":4,"24":4,"25":4,"26":4,"27":4,"28":4,"29":4,"30":4,"31":4,"32":4,"33":4,"34":4,"35":4,"36":4,"37":4,"38":4,"39":4,"40":4,"41":4,"42":4,"43":4},"f":{"0":1},"b":{"0":[3,1]},"_coverageSchema":"1a1c01bbd47fc00a2c39e90264f33305004495a9","hash":"4b76d88b203d81c268d74847d6f625e054673446"}
,"C:\\Users\\bobby\\OneDrive\\Documents\\RMT-059\\PHASE-2\\Individual-project-yourfoods\\MyBooks\\server\\controllers\\adminController.js": {"path":"C:\\Users\\bobby\\OneDrive\\Documents\\RMT-059\\PHASE-2\\Individual-project-yourfoods\\MyBooks\\server\\controllers\\adminController.js","statementMap":{"0":{"start":{"line":1,"column":33},"end":{"line":1,"column":53}},"1":{"start":{"line":5,"column":8},"end":{"line":18,"column":9}},"2":{"start":{"line":6,"column":33},"end":{"line":12,"column":14}},"3":{"start":{"line":14,"column":12},"end":{"line":14,"column":47}},"4":{"start":{"line":16,"column":12},"end":{"line":16,"column":31}},"5":{"start":{"line":17,"column":12},"end":{"line":17,"column":70}},"6":{"start":{"line":22,"column":8},"end":{"line":36,"column":9}},"7":{"start":{"line":23,"column":32},"end":{"line":29,"column":14}},"8":{"start":{"line":31,"column":12},"end":{"line":31,"column":97}},"9":{"start":{"line":31,"column":30},"end":{"line":31,"column":97}},"10":{"start":{"line":32,"column":12},"end":{"line":32,"column":46}},"11":{"start":{"line":34,"column":12},"end":{"line":34,"column":31}},"12":{"start":{"line":35,"column":12},"end":{"line":35,"column":70}},"13":{"start":{"line":40,"column":8},"end":{"line":46,"column":9}},"14":{"start":{"line":41,"column":26},"end":{"line":41,"column":46}},"15":{"start":{"line":42,"column":12},"end":{"line":42,"column":40}},"16":{"start":{"line":44,"column":12},"end":{"line":44,"column":31}},"17":{"start":{"line":45,"column":12},"end":{"line":45,"column":70}},"18":{"start":{"line":50,"column":8},"end":{"line":70,"column":9}},"19":{"start":{"line":51,"column":27},"end":{"line":51,"column":37}},"20":{"start":{"line":52,"column":29},"end":{"line":52,"column":37}},"21":{"start":{"line":54,"column":12},"end":{"line":56,"column":13}},"22":{"start":{"line":55,"column":16},"end":{"line":55,"column":77}},"23":{"start":{"line":58,"column":25},"end":{"line":58,"column":48}},"24":{"start":{"line":59,"column":12},"end":{"line":61,"column":13}},"25":{"start":{"line":60,"column":16},"end":{"line":60,"column":81}},"26":{"start":{"line":63,"column":12},"end":{"line":63,"column":29}},"27":{"start":{"line":64,"column":12},"end":{"line":64,"column":30}},"28":{"start":{"line":66,"column":12},"end":{"line":66,"column":86}},"29":{"start":{"line":68,"column":12},"end":{"line":68,"column":31}},"30":{"start":{"line":69,"column":12},"end":{"line":69,"column":71}},"31":{"start":{"line":74,"column":8},"end":{"line":87,"column":9}},"32":{"start":{"line":75,"column":23},"end":{"line":75,"column":36}},"33":{"start":{"line":77,"column":25},"end":{"line":77,"column":48}},"34":{"start":{"line":78,"column":12},"end":{"line":80,"column":13}},"35":{"start":{"line":79,"column":16},"end":{"line":79,"column":80}},"36":{"start":{"line":82,"column":12},"end":{"line":82,"column":53}},"37":{"start":{"line":83,"column":12},"end":{"line":83,"column":82}},"38":{"start":{"line":85,"column":12},"end":{"line":85,"column":31}},"39":{"start":{"line":86,"column":12},"end":{"line":86,"column":70}},"40":{"start":{"line":91,"column":0},"end":{"line":91,"column":32}}},"fnMap":{"0":{"name":"(anonymous_0)","decl":{"start":{"line":4,"column":4},"end":{"line":4,"column":5}},"loc":{"start":{"line":4,"column":46},"end":{"line":19,"column":5}},"line":4},"1":{"name":"(anonymous_1)","decl":{"start":{"line":21,"column":4},"end":{"line":21,"column":5}},"loc":{"start":{"line":21,"column":50},"end":{"line":37,"column":5}},"line":21},"2":{"name":"(anonymous_2)","decl":{"start":{"line":39,"column":4},"end":{"line":39,"column":5}},"loc":{"start":{"line":39,"column":39},"end":{"line":47,"column":5}},"line":39},"3":{"name":"(anonymous_3)","decl":{"start":{"line":49,"column":4},"end":{"line":49,"column":5}},"loc":{"start":{"line":49,"column":42},"end":{"line":71,"column":5}},"line":49},"4":{"name":"(anonymous_4)","decl":{"start":{"line":73,"column":4},"end":{"line":73,"column":5}},"loc":{"start":{"line":73,"column":38},"end":{"line":88,"column":5}},"line":73}},"branchMap":{"0":{"loc":{"start":{"line":31,"column":12},"end":{"line":31,"column":97}},"type":"if","locations":[{"start":{"line":31,"column":12},"end":{"line":31,"column":97}},{"start":{},"end":{}}],"line":31},"1":{"loc":{"start":{"line":54,"column":12},"end":{"line":56,"column":13}},"type":"if","locations":[{"start":{"line":54,"column":12},"end":{"line":56,"column":13}},{"start":{},"end":{}}],"line":54},"2":{"loc":{"start":{"line":59,"column":12},"end":{"line":61,"column":13}},"type":"if","locations":[{"start":{"line":59,"column":12},"end":{"line":61,"column":13}},{"start":{},"end":{}}],"line":59},"3":{"loc":{"start":{"line":78,"column":12},"end":{"line":80,"column":13}},"type":"if","locations":[{"start":{"line":78,"column":12},"end":{"line":80,"column":13}},{"start":{},"end":{}}],"line":78}},"s":{"0":5,"1":3,"2":3,"3":2,"4":1,"5":1,"6":2,"7":2,"8":2,"9":1,"10":1,"11":0,"12":0,"13":3,"14":3,"15":3,"16":0,"17":0,"18":9,"19":9,"20":9,"21":9,"22":4,"23":5,"24":5,"25":3,"26":2,"27":2,"28":2,"29":0,"30":0,"31":5,"32":5,"33":5,"34":5,"35":3,"36":2,"37":2,"38":0,"39":0,"40":5},"f":{"0":3,"1":2,"2":3,"3":9,"4":5},"b":{"0":[1,1],"1":[4,5],"2":[3,2],"3":[3,2]},"_coverageSchema":"1a1c01bbd47fc00a2c39e90264f33305004495a9","hash":"59faf1ecef49874f93721647b6ad5008447c2689"}
,"C:\\Users\\bobby\\OneDrive\\Documents\\RMT-059\\PHASE-2\\Individual-project-yourfoods\\MyBooks\\server\\controllers\\bookController.js": {"path":"C:\\Users\\bobby\\OneDrive\\Documents\\RMT-059\\PHASE-2\\Individual-project-yourfoods\\MyBooks\\server\\controllers\\bookController.js","statementMap":{"0":{"start":{"line":1,"column":15},"end":{"line":1,"column":35}},"1":{"start":{"line":2,"column":17},"end":{"line":2,"column":37}},"2":{"start":{"line":7,"column":8},"end":{"line":13,"column":9}},"3":{"start":{"line":8,"column":26},"end":{"line":8,"column":46}},"4":{"start":{"line":9,"column":12},"end":{"line":9,"column":40}},"5":{"start":{"line":11,"column":12},"end":{"line":11,"column":30}},"6":{"start":{"line":12,"column":12},"end":{"line":12,"column":70}},"7":{"start":{"line":17,"column":8},"end":{"line":26,"column":9}},"8":{"start":{"line":18,"column":23},"end":{"line":18,"column":36}},"9":{"start":{"line":19,"column":26},"end":{"line":19,"column":49}},"10":{"start":{"line":21,"column":12},"end":{"line":21,"column":83}},"11":{"start":{"line":21,"column":24},"end":{"line":21,"column":83}},"12":{"start":{"line":22,"column":12},"end":{"line":22,"column":40}},"13":{"start":{"line":24,"column":12},"end":{"line":24,"column":30}},"14":{"start":{"line":25,"column":12},"end":{"line":25,"column":70}},"15":{"start":{"line":30,"column":8},"end":{"line":51,"column":9}},"16":{"start":{"line":31,"column":34},"end":{"line":31,"column":43}},"17":{"start":{"line":32,"column":27},"end":{"line":32,"column":29}},"18":{"start":{"line":34,"column":12},"end":{"line":38,"column":13}},"19":{"start":{"line":35,"column":16},"end":{"line":37,"column":17}},"20":{"start":{"line":40,"column":12},"end":{"line":44,"column":13}},"21":{"start":{"line":41,"column":16},"end":{"line":43,"column":17}},"22":{"start":{"line":46,"column":26},"end":{"line":46,"column":63}},"23":{"start":{"line":47,"column":12},"end":{"line":47,"column":40}},"24":{"start":{"line":49,"column":12},"end":{"line":49,"column":30}},"25":{"start":{"line":50,"column":12},"end":{"line":50,"column":70}},"26":{"start":{"line":56,"column":8},"end":{"line":73,"column":9}},"27":{"start":{"line":57,"column":83},"end":{"line":57,"column":91}},"28":{"start":{"line":59,"column":26},"end":{"line":67,"column":14}},"29":{"start":{"line":69,"column":12},"end":{"line":69,"column":59}},"30":{"start":{"line":71,"column":12},"end":{"line":71,"column":30}},"31":{"start":{"line":72,"column":12},"end":{"line":72,"column":70}},"32":{"start":{"line":77,"column":8},"end":{"line":97,"column":9}},"33":{"start":{"line":78,"column":83},"end":{"line":78,"column":91}},"34":{"start":{"line":79,"column":23},"end":{"line":79,"column":36}},"35":{"start":{"line":80,"column":26},"end":{"line":80,"column":49}},"36":{"start":{"line":82,"column":12},"end":{"line":82,"column":92}},"37":{"start":{"line":82,"column":24},"end":{"line":82,"column":92}},"38":{"start":{"line":84,"column":12},"end":{"line":84,"column":31}},"39":{"start":{"line":85,"column":12},"end":{"line":85,"column":33}},"40":{"start":{"line":86,"column":12},"end":{"line":86,"column":43}},"41":{"start":{"line":87,"column":12},"end":{"line":87,"column":31}},"42":{"start":{"line":88,"column":12},"end":{"line":88,"column":33}},"43":{"start":{"line":89,"column":12},"end":{"line":89,"column":35}},"44":{"start":{"line":90,"column":12},"end":{"line":90,"column":33}},"45":{"start":{"line":91,"column":12},"end":{"line":91,"column":31}},"46":{"start":{"line":93,"column":12},"end":{"line":93,"column":68}},"47":{"start":{"line":95,"column":12},"end":{"line":95,"column":30}},"48":{"start":{"line":96,"column":12},"end":{"line":96,"column":70}},"49":{"start":{"line":101,"column":8},"end":{"line":111,"column":9}},"50":{"start":{"line":102,"column":23},"end":{"line":102,"column":36}},"51":{"start":{"line":103,"column":26},"end":{"line":103,"column":49}},"52":{"start":{"line":105,"column":12},"end":{"line":105,"column":83}},"53":{"start":{"line":105,"column":24},"end":{"line":105,"column":83}},"54":{"start":{"line":106,"column":12},"end":{"line":106,"column":34}},"55":{"start":{"line":107,"column":12},"end":{"line":107,"column":61}},"56":{"start":{"line":109,"column":12},"end":{"line":109,"column":30}},"57":{"start":{"line":110,"column":12},"end":{"line":110,"column":70}},"58":{"start":{"line":116,"column":0},"end":{"line":116,"column":31}},"59":{"start":{"line":118,"column":0},"end":{"line":120,"column":2}},"60":{"start":{"line":119,"column":2},"end":{"line":119,"column":65}}},"fnMap":{"0":{"name":"(anonymous_0)","decl":{"start":{"line":6,"column":4},"end":{"line":6,"column":5}},"loc":{"start":{"line":6,"column":39},"end":{"line":14,"column":5}},"line":6},"1":{"name":"(anonymous_1)","decl":{"start":{"line":16,"column":4},"end":{"line":16,"column":5}},"loc":{"start":{"line":16,"column":39},"end":{"line":27,"column":5}},"line":16},"2":{"name":"(anonymous_2)","decl":{"start":{"line":29,"column":4},"end":{"line":29,"column":5}},"loc":{"start":{"line":29,"column":39},"end":{"line":52,"column":5}},"line":29},"3":{"name":"(anonymous_3)","decl":{"start":{"line":55,"column":4},"end":{"line":55,"column":5}},"loc":{"start":{"line":55,"column":35},"end":{"line":74,"column":5}},"line":55},"4":{"name":"(anonymous_4)","decl":{"start":{"line":76,"column":4},"end":{"line":76,"column":5}},"loc":{"start":{"line":76,"column":38},"end":{"line":98,"column":5}},"line":76},"5":{"name":"(anonymous_5)","decl":{"start":{"line":100,"column":4},"end":{"line":100,"column":5}},"loc":{"start":{"line":100,"column":38},"end":{"line":112,"column":5}},"line":100},"6":{"name":"(anonymous_6)","decl":{"start":{"line":118,"column":30},"end":{"line":118,"column":31}},"loc":{"start":{"line":118,"column":44},"end":{"line":120,"column":1}},"line":118}},"branchMap":{"0":{"loc":{"start":{"line":21,"column":12},"end":{"line":21,"column":83}},"type":"if","locations":[{"start":{"line":21,"column":12},"end":{"line":21,"column":83}},{"start":{},"end":{}}],"line":21},"1":{"loc":{"start":{"line":34,"column":12},"end":{"line":38,"column":13}},"type":"if","locations":[{"start":{"line":34,"column":12},"end":{"line":38,"column":13}},{"start":{},"end":{}}],"line":34},"2":{"loc":{"start":{"line":40,"column":12},"end":{"line":44,"column":13}},"type":"if","locations":[{"start":{"line":40,"column":12},"end":{"line":44,"column":13}},{"start":{},"end":{}}],"line":40},"3":{"loc":{"start":{"line":82,"column":12},"end":{"line":82,"column":92}},"type":"if","locations":[{"start":{"line":82,"column":12},"end":{"line":82,"column":92}},{"start":{},"end":{}}],"line":82},"4":{"loc":{"start":{"line":105,"column":12},"end":{"line":105,"column":83}},"type":"if","locations":[{"start":{"line":105,"column":12},"end":{"line":105,"column":83}},{"start":{},"end":{}}],"line":105}},"s":{"0":5,"1":5,"2":1,"3":1,"4":1,"5":0,"6":0,"7":2,"8":2,"9":2,"10":2,"11":1,"12":1,"13":0,"14":0,"15":1,"16":1,"17":1,"18":1,"19":1,"20":1,"21":0,"22":1,"23":1,"24":0,"25":0,"26":2,"27":2,"28":2,"29":2,"30":0,"31":0,"32":3,"33":3,"34":3,"35":3,"36":3,"37":2,"38":1,"39":1,"40":1,"41":1,"42":1,"43":1,"44":1,"45":1,"46":1,"47":0,"48":0,"49":1,"50":1,"51":1,"52":1,"53":0,"54":1,"55":1,"56":0,"57":0,"58":5,"59":5,"60":0},"f":{"0":1,"1":2,"2":1,"3":2,"4":3,"5":1,"6":0},"b":{"0":[1,1],"1":[1,0],"2":[0,1],"3":[2,1],"4":[0,1]},"_coverageSchema":"1a1c01bbd47fc00a2c39e90264f33305004495a9","hash":"a2778c5a6ed213b690ad9a3fcb4f5f61803330cf"}
,"C:\\Users\\bobby\\OneDrive\\Documents\\RMT-059\\PHASE-2\\Individual-project-yourfoods\\MyBooks\\server\\controllers\\favoriteController.js": {"path":"C:\\Users\\bobby\\OneDrive\\Documents\\RMT-059\\PHASE-2\\Individual-project-yourfoods\\MyBooks\\server\\controllers\\favoriteController.js","statementMap":{"0":{"start":{"line":1,"column":37},"end":{"line":1,"column":57}},"1":{"start":{"line":5,"column":8},"end":{"line":33,"column":9}},"2":{"start":{"line":6,"column":31},"end":{"line":6,"column":39}},"3":{"start":{"line":7,"column":27},"end":{"line":7,"column":38}},"4":{"start":{"line":9,"column":25},"end":{"line":9,"column":52}},"5":{"start":{"line":11,"column":12},"end":{"line":11,"column":81}},"6":{"start":{"line":11,"column":23},"end":{"line":11,"column":81}},"7":{"start":{"line":13,"column":27},"end":{"line":13,"column":55}},"8":{"start":{"line":14,"column":33},"end":{"line":16,"column":14}},"9":{"start":{"line":18,"column":12},"end":{"line":18,"column":131}},"10":{"start":{"line":18,"column":42},"end":{"line":18,"column":131}},"11":{"start":{"line":20,"column":37},"end":{"line":22,"column":14}},"12":{"start":{"line":23,"column":12},"end":{"line":23,"column":103}},"13":{"start":{"line":23,"column":34},"end":{"line":23,"column":103}},"14":{"start":{"line":25,"column":30},"end":{"line":28,"column":14}},"15":{"start":{"line":29,"column":12},"end":{"line":29,"column":72}},"16":{"start":{"line":31,"column":12},"end":{"line":31,"column":31}},"17":{"start":{"line":32,"column":12},"end":{"line":32,"column":71}},"18":{"start":{"line":37,"column":8},"end":{"line":50,"column":9}},"19":{"start":{"line":38,"column":30},"end":{"line":44,"column":14}},"20":{"start":{"line":46,"column":12},"end":{"line":46,"column":44}},"21":{"start":{"line":48,"column":12},"end":{"line":48,"column":31}},"22":{"start":{"line":49,"column":12},"end":{"line":49,"column":71}},"23":{"start":{"line":54,"column":0},"end":{"line":54,"column":35}},"24":{"start":{"line":56,"column":0},"end":{"line":58,"column":2}},"25":{"start":{"line":57,"column":2},"end":{"line":57,"column":69}}},"fnMap":{"0":{"name":"(anonymous_0)","decl":{"start":{"line":4,"column":4},"end":{"line":4,"column":5}},"loc":{"start":{"line":4,"column":41},"end":{"line":34,"column":5}},"line":4},"1":{"name":"(anonymous_1)","decl":{"start":{"line":36,"column":4},"end":{"line":36,"column":5}},"loc":{"start":{"line":36,"column":39},"end":{"line":51,"column":5}},"line":36},"2":{"name":"(anonymous_2)","decl":{"start":{"line":56,"column":30},"end":{"line":56,"column":31}},"loc":{"start":{"line":56,"column":44},"end":{"line":58,"column":1}},"line":56}},"branchMap":{"0":{"loc":{"start":{"line":11,"column":12},"end":{"line":11,"column":81}},"type":"if","locations":[{"start":{"line":11,"column":12},"end":{"line":11,"column":81}},{"start":{},"end":{}}],"line":11},"1":{"loc":{"start":{"line":18,"column":12},"end":{"line":18,"column":131}},"type":"if","locations":[{"start":{"line":18,"column":12},"end":{"line":18,"column":131}},{"start":{},"end":{}}],"line":18},"2":{"loc":{"start":{"line":18,"column":16},"end":{"line":18,"column":40}},"type":"binary-expr","locations":[{"start":{"line":18,"column":16},"end":{"line":18,"column":23}},{"start":{"line":18,"column":27},"end":{"line":18,"column":40}}],"line":18},"3":{"loc":{"start":{"line":23,"column":12},"end":{"line":23,"column":103}},"type":"if","locations":[{"start":{"line":23,"column":12},"end":{"line":23,"column":103}},{"start":{},"end":{}}],"line":23}},"s":{"0":5,"1":4,"2":4,"3":4,"4":4,"5":4,"6":2,"7":2,"8":2,"9":2,"10":0,"11":2,"12":2,"13":0,"14":2,"15":2,"16":0,"17":0,"18":3,"19":3,"20":3,"21":0,"22":0,"23":5,"24":5,"25":0},"f":{"0":4,"1":3,"2":0},"b":{"0":[2,2],"1":[0,2],"2":[2,0],"3":[0,2]},"_coverageSchema":"1a1c01bbd47fc00a2c39e90264f33305004495a9","hash":"49365356c0fb5ce8458d000b99468b6989c7b9b5"}
,"C:\\Users\\bobby\\OneDrive\\Documents\\RMT-059\\PHASE-2\\Individual-project-yourfoods\\MyBooks\\server\\controllers\\geminiController.js": {"path":"C:\\Users\\bobby\\OneDrive\\Documents\\RMT-059\\PHASE-2\\Individual-project-yourfoods\\MyBooks\\server\\controllers\\geminiController.js","statementMap":{"0":{"start":{"line":1,"column":21},"end":{"line":1,"column":51}},"1":{"start":{"line":2,"column":17},"end":{"line":2,"column":37}},"2":{"start":{"line":3,"column":15},"end":{"line":3,"column":35}},"3":{"start":{"line":7,"column":8},"end":{"line":48,"column":9}},"4":{"start":{"line":8,"column":38},"end":{"line":8,"column":46}},"5":{"start":{"line":10,"column":12},"end":{"line":12,"column":13}},"6":{"start":{"line":11,"column":16},"end":{"line":11,"column":83}},"7":{"start":{"line":14,"column":12},"end":{"line":22,"column":13}},"8":{"start":{"line":15,"column":30},"end":{"line":15,"column":62}},"9":{"start":{"line":16,"column":16},"end":{"line":18,"column":17}},"10":{"start":{"line":17,"column":20},"end":{"line":17,"column":110}},"11":{"start":{"line":20,"column":33},"end":{"line":20,"column":108}},"12":{"start":{"line":20,"column":56},"end":{"line":20,"column":96}},"13":{"start":{"line":21,"column":16},"end":{"line":21,"column":99}},"14":{"start":{"line":24,"column":32},"end":{"line":24,"column":63}},"15":{"start":{"line":25,"column":12},"end":{"line":41,"column":13}},"16":{"start":{"line":26,"column":30},"end":{"line":26,"column":51}},"17":{"start":{"line":27,"column":16},"end":{"line":29,"column":17}},"18":{"start":{"line":28,"column":20},"end":{"line":28,"column":103}},"19":{"start":{"line":31,"column":30},"end":{"line":33,"column":18}},"20":{"start":{"line":35,"column":16},"end":{"line":37,"column":17}},"21":{"start":{"line":36,"column":20},"end":{"line":36,"column":115}},"22":{"start":{"line":39,"column":33},"end":{"line":39,"column":114}},"23":{"start":{"line":39,"column":58},"end":{"line":39,"column":102}},"24":{"start":{"line":40,"column":16},"end":{"line":40,"column":85}},"25":{"start":{"line":43,"column":29},"end":{"line":43,"column":55}},"26":{"start":{"line":44,"column":12},"end":{"line":44,"column":35}},"27":{"start":{"line":46,"column":12},"end":{"line":46,"column":31}},"28":{"start":{"line":47,"column":12},"end":{"line":47,"column":71}},"29":{"start":{"line":52,"column":0},"end":{"line":52,"column":34}},"30":{"start":{"line":54,"column":0},"end":{"line":56,"column":2}},"31":{"start":{"line":55,"column":2},"end":{"line":55,"column":67}}},"fnMap":{"0":{"name":"(anonymous_0)","decl":{"start":{"line":6,"column":4},"end":{"line":6,"column":5}},"loc":{"start":{"line":6,"column":43},"end":{"line":49,"column":5}},"line":6},"1":{"name":"(anonymous_1)","decl":{"start":{"line":20,"column":43},"end":{"line":20,"column":44}},"loc":{"start":{"line":20,"column":56},"end":{"line":20,"column":96}},"line":20},"2":{"name":"(anonymous_2)","decl":{"start":{"line":39,"column":43},"end":{"line":39,"column":44}},"loc":{"start":{"line":39,"column":58},"end":{"line":39,"column":102}},"line":39},"3":{"name":"(anonymous_3)","decl":{"start":{"line":54,"column":30},"end":{"line":54,"column":31}},"loc":{"start":{"line":54,"column":44},"end":{"line":56,"column":1}},"line":54}},"branchMap":{"0":{"loc":{"start":{"line":10,"column":12},"end":{"line":12,"column":13}},"type":"if","locations":[{"start":{"line":10,"column":12},"end":{"line":12,"column":13}},{"start":{},"end":{}}],"line":10},"1":{"loc":{"start":{"line":10,"column":16},"end":{"line":10,"column":47}},"type":"binary-expr","locations":[{"start":{"line":10,"column":16},"end":{"line":10,"column":23}},{"start":{"line":10,"column":27},"end":{"line":10,"column":47}}],"line":10},"2":{"loc":{"start":{"line":14,"column":12},"end":{"line":22,"column":13}},"type":"if","locations":[{"start":{"line":14,"column":12},"end":{"line":22,"column":13}},{"start":{},"end":{}}],"line":14},"3":{"loc":{"start":{"line":16,"column":16},"end":{"line":18,"column":17}},"type":"if","locations":[{"start":{"line":16,"column":16},"end":{"line":18,"column":17}},{"start":{},"end":{}}],"line":16},"4":{"loc":{"start":{"line":25,"column":12},"end":{"line":41,"column":13}},"type":"if","locations":[{"start":{"line":25,"column":12},"end":{"line":41,"column":13}},{"start":{},"end":{}}],"line":25},"5":{"loc":{"start":{"line":27,"column":16},"end":{"line":29,"column":17}},"type":"if","locations":[{"start":{"line":27,"column":16},"end":{"line":29,"column":17}},{"start":{},"end":{}}],"line":27},"6":{"loc":{"start":{"line":35,"column":16},"end":{"line":37,"column":17}},"type":"if","locations":[{"start":{"line":35,"column":16},"end":{"line":37,"column":17}},{"start":{},"end":{}}],"line":35}},"s":{"0":5,"1":5,"2":5,"3":10,"4":10,"5":10,"6":5,"7":5,"8":1,"9":1,"10":0,"11":1,"12":2,"13":1,"14":4,"15":4,"16":3,"17":3,"18":0,"19":3,"20":2,"21":1,"22":1,"23":1,"24":1,"25":1,"26":1,"27":1,"28":1,"29":5,"30":5,"31":0},"f":{"0":10,"1":2,"2":1,"3":0},"b":{"0":[5,5],"1":[10,5],"2":[1,4],"3":[0,1],"4":[3,1],"5":[0,3],"6":[1,1]},"_coverageSchema":"1a1c01bbd47fc00a2c39e90264f33305004495a9","hash":"85ffc67f5e64f228649b215ee93d7649cafea7a0"}
,"C:\\Users\\bobby\\OneDrive\\Documents\\RMT-059\\PHASE-2\\Individual-project-yourfoods\\MyBooks\\server\\controllers\\purchaseController.js": {"path":"C:\\Users\\bobby\\OneDrive\\Documents\\RMT-059\\PHASE-2\\Individual-project-yourfoods\\MyBooks\\server\\controllers\\purchaseController.js","statementMap":{"0":{"start":{"line":1,"column":27},"end":{"line":1,"column":47}},"1":{"start":{"line":2,"column":23},"end":{"line":2,"column":49}},"2":{"start":{"line":6,"column":8},"end":{"line":69,"column":9}},"3":{"start":{"line":7,"column":31},"end":{"line":7,"column":39}},"4":{"start":{"line":8,"column":27},"end":{"line":8,"column":39}},"5":{"start":{"line":9,"column":30},"end":{"line":9,"column":45}},"6":{"start":{"line":11,"column":12},"end":{"line":13,"column":13}},"7":{"start":{"line":12,"column":16},"end":{"line":12,"column":83}},"8":{"start":{"line":15,"column":12},"end":{"line":17,"column":15}},"9":{"start":{"line":16,"column":16},"end":{"line":16,"column":75}},"10":{"start":{"line":19,"column":14},"end":{"line":21,"column":15}},"11":{"start":{"line":20,"column":16},"end":{"line":20,"column":83}},"12":{"start":{"line":23,"column":26},"end":{"line":23,"column":53}},"13":{"start":{"line":24,"column":12},"end":{"line":24,"column":83}},"14":{"start":{"line":24,"column":24},"end":{"line":24,"column":83}},"15":{"start":{"line":26,"column":12},"end":{"line":28,"column":13}},"16":{"start":{"line":27,"column":16},"end":{"line":27,"column":79}},"17":{"start":{"line":30,"column":23},"end":{"line":33,"column":14}},"18":{"start":{"line":35,"column":28},"end":{"line":43,"column":13}},"19":{"start":{"line":45,"column":12},"end":{"line":65,"column":13}},"20":{"start":{"line":46,"column":36},"end":{"line":46,"column":75}},"21":{"start":{"line":48,"column":33},"end":{"line":55,"column":18}},"22":{"start":{"line":57,"column":16},"end":{"line":61,"column":19}},"23":{"start":{"line":63,"column":16},"end":{"line":63,"column":54}},"24":{"start":{"line":64,"column":16},"end":{"line":64,"column":82}},"25":{"start":{"line":67,"column":12},"end":{"line":67,"column":31}},"26":{"start":{"line":68,"column":12},"end":{"line":68,"column":71}},"27":{"start":{"line":73,"column":8},"end":{"line":112,"column":9}},"28":{"start":{"line":74,"column":12},"end":{"line":74,"column":49}},"29":{"start":{"line":75,"column":12},"end":{"line":75,"column":50}},"30":{"start":{"line":77,"column":53},"end":{"line":77,"column":61}},"31":{"start":{"line":79,"column":12},"end":{"line":81,"column":13}},"32":{"start":{"line":80,"column":16},"end":{"line":80,"column":77}},"33":{"start":{"line":83,"column":34},"end":{"line":83,"column":90}},"34":{"start":{"line":84,"column":12},"end":{"line":87,"column":13}},"35":{"start":{"line":85,"column":16},"end":{"line":85,"column":85}},"36":{"start":{"line":86,"column":16},"end":{"line":86,"column":82}},"37":{"start":{"line":89,"column":33},"end":{"line":89,"column":51}},"38":{"start":{"line":91,"column":29},"end":{"line":91,"column":90}},"39":{"start":{"line":92,"column":12},"end":{"line":92,"column":92}},"40":{"start":{"line":92,"column":27},"end":{"line":92,"column":92}},"41":{"start":{"line":96,"column":12},"end":{"line":102,"column":13}},"42":{"start":{"line":97,"column":16},"end":{"line":97,"column":39}},"43":{"start":{"line":98,"column":19},"end":{"line":102,"column":13}},"44":{"start":{"line":99,"column":16},"end":{"line":99,"column":41}},"45":{"start":{"line":101,"column":16},"end":{"line":101,"column":42}},"46":{"start":{"line":104,"column":12},"end":{"line":106,"column":54}},"47":{"start":{"line":108,"column":12},"end":{"line":108,"column":76}},"48":{"start":{"line":110,"column":12},"end":{"line":110,"column":31}},"49":{"start":{"line":111,"column":12},"end":{"line":111,"column":71}},"50":{"start":{"line":116,"column":0},"end":{"line":116,"column":35}}},"fnMap":{"0":{"name":"(anonymous_0)","decl":{"start":{"line":5,"column":4},"end":{"line":5,"column":5}},"loc":{"start":{"line":5,"column":42},"end":{"line":70,"column":5}},"line":5},"1":{"name":"(anonymous_1)","decl":{"start":{"line":72,"column":4},"end":{"line":72,"column":5}},"loc":{"start":{"line":72,"column":43},"end":{"line":113,"column":5}},"line":72}},"branchMap":{"0":{"loc":{"start":{"line":11,"column":12},"end":{"line":13,"column":13}},"type":"if","locations":[{"start":{"line":11,"column":12},"end":{"line":13,"column":13}},{"start":{},"end":{}}],"line":11},"1":{"loc":{"start":{"line":15,"column":12},"end":{"line":17,"column":15}},"type":"if","locations":[{"start":{"line":15,"column":12},"end":{"line":17,"column":15}},{"start":{},"end":{}}],"line":15},"2":{"loc":{"start":{"line":15,"column":16},"end":{"line":15,"column":40}},"type":"binary-expr","locations":[{"start":{"line":15,"column":16},"end":{"line":15,"column":23}},{"start":{"line":15,"column":27},"end":{"line":15,"column":40}}],"line":15},"3":{"loc":{"start":{"line":19,"column":14},"end":{"line":21,"column":15}},"type":"if","locations":[{"start":{"line":19,"column":14},"end":{"line":21,"column":15}},{"start":{},"end":{}}],"line":19},"4":{"loc":{"start":{"line":19,"column":18},"end":{"line":19,"column":46}},"type":"binary-expr","locations":[{"start":{"line":19,"column":18},"end":{"line":19,"column":27}},{"start":{"line":19,"column":31},"end":{"line":19,"column":46}}],"line":19},"5":{"loc":{"start":{"line":24,"column":12},"end":{"line":24,"column":83}},"type":"if","locations":[{"start":{"line":24,"column":12},"end":{"line":24,"column":83}},{"start":{},"end":{}}],"line":24},"6":{"loc":{"start":{"line":26,"column":12},"end":{"line":28,"column":13}},"type":"if","locations":[{"start":{"line":26,"column":12},"end":{"line":28,"column":13}},{"start":{},"end":{}}],"line":26},"7":{"loc":{"start":{"line":79,"column":12},"end":{"line":81,"column":13}},"type":"if","locations":[{"start":{"line":79,"column":12},"end":{"line":81,"column":13}},{"start":{},"end":{}}],"line":79},"8":{"loc":{"start":{"line":84,"column":12},"end":{"line":87,"column":13}},"type":"if","locations":[{"start":{"line":84,"column":12},"end":{"line":87,"column":13}},{"start":{},"end":{}}],"line":84},"9":{"loc":{"start":{"line":92,"column":12},"end":{"line":92,"column":92}},"type":"if","locations":[{"start":{"line":92,"column":12},"end":{"line":92,"column":92}},{"start":{},"end":{}}],"line":92},"10":{"loc":{"start":{"line":96,"column":12},"end":{"line":102,"column":13}},"type":"if","locations":[{"start":{"line":96,"column":12},"end":{"line":102,"column":13}},{"start":{"line":98,"column":19},"end":{"line":102,"column":13}}],"line":96},"11":{"loc":{"start":{"line":96,"column":16},"end":{"line":96,"column":79}},"type":"binary-expr","locations":[{"start":{"line":96,"column":16},"end":{"line":96,"column":47}},{"start":{"line":96,"column":51},"end":{"line":96,"column":79}}],"line":96},"12":{"loc":{"start":{"line":98,"column":19},"end":{"line":102,"column":13}},"type":"if","locations":[{"start":{"line":98,"column":19},"end":{"line":102,"column":13}},{"start":{"line":100,"column":19},"end":{"line":102,"column":13}}],"line":98},"13":{"loc":{"start":{"line":98,"column":23},"end":{"line":98,"column":81}},"type":"binary-expr","locations":[{"start":{"line":98,"column":23},"end":{"line":98,"column":50}},{"start":{"line":98,"column":54},"end":{"line":98,"column":81}}],"line":98}},"s":{"0":5,"1":5,"2":19,"3":19,"4":19,"5":19,"6":19,"7":4,"8":15,"9":5,"10":10,"11":3,"12":7,"13":7,"14":3,"15":4,"16":1,"17":3,"18":3,"19":3,"20":3,"21":2,"22":2,"23":1,"24":1,"25":0,"26":0,"27":7,"28":7,"29":7,"30":7,"31":7,"32":3,"33":4,"34":4,"35":2,"36":2,"37":2,"38":2,"39":2,"40":1,"41":1,"42":1,"43":0,"44":0,"45":0,"46":1,"47":1,"48":0,"49":0,"50":5},"f":{"0":19,"1":7},"b":{"0":[4,15],"1":[5,10],"2":[15,12],"3":[3,7],"4":[10,10],"5":[3,4],"6":[1,3],"7":[3,4],"8":[2,2],"9":[1,1],"10":[1,0],"11":[1,0],"12":[0,0],"13":[0,0]},"_coverageSchema":"1a1c01bbd47fc00a2c39e90264f33305004495a9","hash":"af8001905df95d40d01342adbc71ae99d28082c1"}
,"C:\\Users\\bobby\\OneDrive\\Documents\\RMT-059\\PHASE-2\\Individual-project-yourfoods\\MyBooks\\server\\controllers\\transactionController.js": {"path":"C:\\Users\\bobby\\OneDrive\\Documents\\RMT-059\\PHASE-2\\Individual-project-yourfoods\\MyBooks\\server\\controllers\\transactionController.js","statementMap":{"0":{"start":{"line":1,"column":33},"end":{"line":1,"column":53}},"1":{"start":{"line":5,"column":8},"end":{"line":19,"column":9}},"2":{"start":{"line":6,"column":33},"end":{"line":13,"column":14}},"3":{"start":{"line":15,"column":12},"end":{"line":15,"column":47}},"4":{"start":{"line":17,"column":12},"end":{"line":17,"column":31}},"5":{"start":{"line":18,"column":12},"end":{"line":18,"column":70}},"6":{"start":{"line":23,"column":8},"end":{"line":38,"column":9}},"7":{"start":{"line":24,"column":32},"end":{"line":30,"column":14}},"8":{"start":{"line":32,"column":12},"end":{"line":32,"column":96}},"9":{"start":{"line":32,"column":30},"end":{"line":32,"column":96}},"10":{"start":{"line":34,"column":12},"end":{"line":34,"column":46}},"11":{"start":{"line":36,"column":12},"end":{"line":36,"column":31}},"12":{"start":{"line":37,"column":12},"end":{"line":37,"column":70}},"13":{"start":{"line":43,"column":0},"end":{"line":43,"column":38}},"14":{"start":{"line":45,"column":0},"end":{"line":47,"column":2}},"15":{"start":{"line":46,"column":2},"end":{"line":46,"column":72}}},"fnMap":{"0":{"name":"(anonymous_0)","decl":{"start":{"line":4,"column":4},"end":{"line":4,"column":5}},"loc":{"start":{"line":4,"column":46},"end":{"line":20,"column":5}},"line":4},"1":{"name":"(anonymous_1)","decl":{"start":{"line":22,"column":4},"end":{"line":22,"column":5}},"loc":{"start":{"line":22,"column":46},"end":{"line":39,"column":5}},"line":22},"2":{"name":"(anonymous_2)","decl":{"start":{"line":45,"column":30},"end":{"line":45,"column":31}},"loc":{"start":{"line":45,"column":44},"end":{"line":47,"column":1}},"line":45}},"branchMap":{"0":{"loc":{"start":{"line":32,"column":12},"end":{"line":32,"column":96}},"type":"if","locations":[{"start":{"line":32,"column":12},"end":{"line":32,"column":96}},{"start":{},"end":{}}],"line":32}},"s":{"0":5,"1":1,"2":1,"3":1,"4":0,"5":0,"6":5,"7":5,"8":5,"9":4,"10":1,"11":0,"12":0,"13":5,"14":5,"15":0},"f":{"0":1,"1":5,"2":0},"b":{"0":[4,1]},"_coverageSchema":"1a1c01bbd47fc00a2c39e90264f33305004495a9","hash":"7453d3694171f1454fa58dfb6ac807ba4b82d335"}
,"C:\\Users\\bobby\\OneDrive\\Documents\\RMT-059\\PHASE-2\\Individual-project-yourfoods\\MyBooks\\server\\controllers\\userController.js": {"path":"C:\\Users\\bobby\\OneDrive\\Documents\\RMT-059\\PHASE-2\\Individual-project-yourfoods\\MyBooks\\server\\controllers\\userController.js","statementMap":{"0":{"start":{"line":1,"column":25},"end":{"line":1,"column":55}},"1":{"start":{"line":2,"column":27},"end":{"line":2,"column":47}},"2":{"start":{"line":3,"column":12},"end":{"line":3,"column":35}},"3":{"start":{"line":9,"column":12},"end":{"line":43,"column":13}},"4":{"start":{"line":10,"column":36},"end":{"line":10,"column":44}},"5":{"start":{"line":12,"column":31},"end":{"line":12,"column":49}},"6":{"start":{"line":14,"column":31},"end":{"line":18,"column":18}},"7":{"start":{"line":19,"column":32},"end":{"line":19,"column":51}},"8":{"start":{"line":20,"column":16},"end":{"line":20,"column":50}},"9":{"start":{"line":22,"column":45},"end":{"line":22,"column":52}},"10":{"start":{"line":23,"column":27},"end":{"line":23,"column":75}},"11":{"start":{"line":25,"column":16},"end":{"line":32,"column":17}},"12":{"start":{"line":26,"column":20},"end":{"line":31,"column":23}},"13":{"start":{"line":34,"column":30},"end":{"line":36,"column":18}},"14":{"start":{"line":37,"column":16},"end":{"line":37,"column":34}},"15":{"start":{"line":39,"column":16},"end":{"line":39,"column":41}},"16":{"start":{"line":41,"column":16},"end":{"line":41,"column":49}},"17":{"start":{"line":42,"column":16},"end":{"line":42,"column":74}},"18":{"start":{"line":47,"column":12},"end":{"line":57,"column":13}},"19":{"start":{"line":48,"column":27},"end":{"line":48,"column":38}},"20":{"start":{"line":49,"column":29},"end":{"line":49,"column":52}},"21":{"start":{"line":53,"column":16},"end":{"line":53,"column":43}},"22":{"start":{"line":55,"column":16},"end":{"line":55,"column":34}},"23":{"start":{"line":56,"column":16},"end":{"line":56,"column":74}},"24":{"start":{"line":61,"column":12},"end":{"line":75,"column":13}},"25":{"start":{"line":62,"column":33},"end":{"line":62,"column":41}},"26":{"start":{"line":63,"column":27},"end":{"line":63,"column":38}},"27":{"start":{"line":65,"column":29},"end":{"line":65,"column":52}},"28":{"start":{"line":66,"column":16},"end":{"line":66,"column":91}},"29":{"start":{"line":66,"column":27},"end":{"line":66,"column":91}},"30":{"start":{"line":68,"column":16},"end":{"line":68,"column":33}},"31":{"start":{"line":69,"column":16},"end":{"line":69,"column":34}},"32":{"start":{"line":71,"column":16},"end":{"line":71,"column":74}},"33":{"start":{"line":73,"column":16},"end":{"line":73,"column":34}},"34":{"start":{"line":74,"column":16},"end":{"line":74,"column":74}},"35":{"start":{"line":79,"column":12},"end":{"line":89,"column":13}},"36":{"start":{"line":80,"column":33},"end":{"line":84,"column":18}},"37":{"start":{"line":85,"column":16},"end":{"line":85,"column":47}},"38":{"start":{"line":87,"column":16},"end":{"line":87,"column":34}},"39":{"start":{"line":88,"column":16},"end":{"line":88,"column":74}},"40":{"start":{"line":93,"column":12},"end":{"line":93,"column":65}},"41":{"start":{"line":98,"column":4},"end":{"line":98,"column":35}},"42":{"start":{"line":100,"column":4},"end":{"line":102,"column":6}},"43":{"start":{"line":101,"column":8},"end":{"line":101,"column":71}}},"fnMap":{"0":{"name":"(anonymous_0)","decl":{"start":{"line":8,"column":8},"end":{"line":8,"column":9}},"loc":{"start":{"line":8,"column":43},"end":{"line":44,"column":9}},"line":8},"1":{"name":"(anonymous_1)","decl":{"start":{"line":46,"column":8},"end":{"line":46,"column":9}},"loc":{"start":{"line":46,"column":46},"end":{"line":58,"column":9}},"line":46},"2":{"name":"(anonymous_2)","decl":{"start":{"line":60,"column":8},"end":{"line":60,"column":9}},"loc":{"start":{"line":60,"column":49},"end":{"line":76,"column":9}},"line":60},"3":{"name":"(anonymous_3)","decl":{"start":{"line":78,"column":8},"end":{"line":78,"column":9}},"loc":{"start":{"line":78,"column":47},"end":{"line":90,"column":9}},"line":78},"4":{"name":"(anonymous_4)","decl":{"start":{"line":92,"column":8},"end":{"line":92,"column":9}},"loc":{"start":{"line":92,"column":32},"end":{"line":94,"column":9}},"line":92},"5":{"name":"(anonymous_5)","decl":{"start":{"line":100,"column":34},"end":{"line":100,"column":35}},"loc":{"start":{"line":100,"column":48},"end":{"line":102,"column":5}},"line":100}},"branchMap":{"0":{"loc":{"start":{"line":25,"column":16},"end":{"line":32,"column":17}},"type":"if","locations":[{"start":{"line":25,"column":16},"end":{"line":32,"column":17}},{"start":{},"end":{}}],"line":25},"1":{"loc":{"start":{"line":66,"column":16},"end":{"line":66,"column":91}},"type":"if","locations":[{"start":{"line":66,"column":16},"end":{"line":66,"column":91}},{"start":{},"end":{}}],"line":66}},"s":{"0":5,"1":5,"2":5,"3":2,"4":2,"5":2,"6":2,"7":1,"8":1,"9":1,"10":1,"11":1,"12":1,"13":1,"14":1,"15":1,"16":1,"17":1,"18":4,"19":4,"20":4,"21":3,"22":1,"23":1,"24":2,"25":2,"26":2,"27":2,"28":1,"29":0,"30":1,"31":1,"32":1,"33":1,"34":1,"35":2,"36":2,"37":1,"38":1,"39":1,"40":1,"41":5,"42":5,"43":0},"f":{"0":2,"1":4,"2":2,"3":2,"4":1,"5":0},"b":{"0":[1,0],"1":[0,1]},"_coverageSchema":"1a1c01bbd47fc00a2c39e90264f33305004495a9","hash":"18bf066f29e2631f8837dec6dd3ab16d9079e241"}
,"C:\\Users\\bobby\\OneDrive\\Documents\\RMT-059\\PHASE-2\\Individual-project-yourfoods\\MyBooks\\server\\helpers\\geminiAI.js": {"path":"C:\\Users\\bobby\\OneDrive\\Documents\\RMT-059\\PHASE-2\\Individual-project-yourfoods\\MyBooks\\server\\helpers\\geminiAI.js","statementMap":{"0":{"start":{"line":1,"column":31},"end":{"line":1,"column":63}},"1":{"start":{"line":2,"column":15},"end":{"line":2,"column":32}},"2":{"start":{"line":3,"column":0},"end":{"line":3,"column":16}},"3":{"start":{"line":5,"column":14},"end":{"line":5,"column":64}},"4":{"start":{"line":8,"column":4},"end":{"line":59,"column":5}},"5":{"start":{"line":9,"column":8},"end":{"line":11,"column":9}},"6":{"start":{"line":10,"column":12},"end":{"line":10,"column":53}},"7":{"start":{"line":12,"column":22},"end":{"line":12,"column":75}},"8":{"start":{"line":16,"column":8},"end":{"line":36,"column":9}},"9":{"start":{"line":17,"column":12},"end":{"line":33,"column":15}},"10":{"start":{"line":35,"column":12},"end":{"line":35,"column":121}},"11":{"start":{"line":38,"column":8},"end":{"line":38,"column":58}},"12":{"start":{"line":40,"column":23},"end":{"line":40,"column":67}},"13":{"start":{"line":41,"column":21},"end":{"line":41,"column":32}},"14":{"start":{"line":42,"column":8},"end":{"line":42,"column":47}},"15":{"start":{"line":45,"column":8},"end":{"line":55,"column":9}},"16":{"start":{"line":46,"column":12},"end":{"line":46,"column":77}},"17":{"start":{"line":47,"column":12},"end":{"line":51,"column":13}},"18":{"start":{"line":48,"column":16},"end":{"line":48,"column":34}},"19":{"start":{"line":50,"column":16},"end":{"line":50,"column":58}},"20":{"start":{"line":53,"column":12},"end":{"line":53,"column":71}},"21":{"start":{"line":54,"column":12},"end":{"line":54,"column":64}},"22":{"start":{"line":57,"column":8},"end":{"line":57,"column":53}},"23":{"start":{"line":58,"column":8},"end":{"line":58,"column":60}},"24":{"start":{"line":62,"column":0},"end":{"line":62,"column":30}}},"fnMap":{"0":{"name":"generateText","decl":{"start":{"line":7,"column":15},"end":{"line":7,"column":27}},"loc":{"start":{"line":7,"column":36},"end":{"line":60,"column":1}},"line":7}},"branchMap":{"0":{"loc":{"start":{"line":9,"column":8},"end":{"line":11,"column":9}},"type":"if","locations":[{"start":{"line":9,"column":8},"end":{"line":11,"column":9}},{"start":{},"end":{}}],"line":9},"1":{"loc":{"start":{"line":16,"column":8},"end":{"line":36,"column":9}},"type":"if","locations":[{"start":{"line":16,"column":8},"end":{"line":36,"column":9}},{"start":{"line":34,"column":15},"end":{"line":36,"column":9}}],"line":16},"2":{"loc":{"start":{"line":47,"column":12},"end":{"line":51,"column":13}},"type":"if","locations":[{"start":{"line":47,"column":12},"end":{"line":51,"column":13}},{"start":{"line":49,"column":19},"end":{"line":51,"column":13}}],"line":47},"3":{"loc":{"start":{"line":47,"column":16},"end":{"line":47,"column":87}},"type":"binary-expr","locations":[{"start":{"line":47,"column":16},"end":{"line":47,"column":26}},{"start":{"line":47,"column":30},"end":{"line":47,"column":49}},{"start":{"line":47,"column":53},"end":{"line":47,"column":87}}],"line":47}},"s":{"0":6,"1":6,"2":6,"3":6,"4":10,"5":10,"6":1,"7":9,"8":9,"9":1,"10":8,"11":9,"12":9,"13":0,"14":0,"15":0,"16":0,"17":0,"18":0,"19":0,"20":0,"21":0,"22":10,"23":10,"24":6},"f":{"0":10},"b":{"0":[1,9],"1":[1,8],"2":[0,0],"3":[0,0,0]},"_coverageSchema":"1a1c01bbd47fc00a2c39e90264f33305004495a9","hash":"00674cf1898574f2263d8f43c26db066de7fa8ff"}
,"C:\\Users\\bobby\\OneDrive\\Documents\\RMT-059\\PHASE-2\\Individual-project-yourfoods\\MyBooks\\server\\middlewares\\authMiddleware.js": {"path":"C:\\Users\\bobby\\OneDrive\\Documents\\RMT-059\\PHASE-2\\Individual-project-yourfoods\\MyBooks\\server\\middlewares\\authMiddleware.js","statementMap":{"0":{"start":{"line":1,"column":12},"end":{"line":1,"column":35}},"1":{"start":{"line":2,"column":17},"end":{"line":2,"column":37}},"2":{"start":{"line":3,"column":25},"end":{"line":3,"column":55}},"3":{"start":{"line":4,"column":15},"end":{"line":4,"column":61}},"4":{"start":{"line":8,"column":8},"end":{"line":21,"column":9}},"5":{"start":{"line":9,"column":38},"end":{"line":9,"column":49}},"6":{"start":{"line":11,"column":12},"end":{"line":11,"column":88}},"7":{"start":{"line":11,"column":32},"end":{"line":11,"column":88}},"8":{"start":{"line":13,"column":26},"end":{"line":13,"column":53}},"9":{"start":{"line":14,"column":28},"end":{"line":14,"column":69}},"10":{"start":{"line":15,"column":12},"end":{"line":15,"column":31}},"11":{"start":{"line":17,"column":12},"end":{"line":17,"column":18}},"12":{"start":{"line":19,"column":12},"end":{"line":19,"column":30}},"13":{"start":{"line":20,"column":12},"end":{"line":20,"column":58}},"14":{"start":{"line":25,"column":8},"end":{"line":62,"column":9}},"15":{"start":{"line":26,"column":28},"end":{"line":26,"column":71}},"16":{"start":{"line":27,"column":12},"end":{"line":27,"column":89}},"17":{"start":{"line":27,"column":26},"end":{"line":27,"column":89}},"18":{"start":{"line":29,"column":27},"end":{"line":32,"column":14}},"19":{"start":{"line":34,"column":28},"end":{"line":34,"column":47}},"20":{"start":{"line":35,"column":23},"end":{"line":35,"column":79}},"21":{"start":{"line":37,"column":12},"end":{"line":52,"column":13}},"22":{"start":{"line":38,"column":16},"end":{"line":43,"column":19}},"23":{"start":{"line":44,"column":16},"end":{"line":51,"column":19}},"24":{"start":{"line":54,"column":12},"end":{"line":54,"column":28}},"25":{"start":{"line":55,"column":12},"end":{"line":55,"column":19}},"26":{"start":{"line":57,"column":12},"end":{"line":61,"column":13}},"27":{"start":{"line":58,"column":16},"end":{"line":58,"column":81}},"28":{"start":{"line":60,"column":16},"end":{"line":60,"column":79}},"29":{"start":{"line":66,"column":8},"end":{"line":76,"column":9}},"30":{"start":{"line":67,"column":25},"end":{"line":67,"column":57}},"31":{"start":{"line":68,"column":12},"end":{"line":70,"column":13}},"32":{"start":{"line":69,"column":16},"end":{"line":69,"column":89}},"33":{"start":{"line":72,"column":12},"end":{"line":72,"column":19}},"34":{"start":{"line":74,"column":12},"end":{"line":74,"column":31}},"35":{"start":{"line":75,"column":12},"end":{"line":75,"column":71}},"36":{"start":{"line":80,"column":0},"end":{"line":80,"column":31}}},"fnMap":{"0":{"name":"(anonymous_0)","decl":{"start":{"line":7,"column":4},"end":{"line":7,"column":5}},"loc":{"start":{"line":7,"column":40},"end":{"line":22,"column":5}},"line":7},"1":{"name":"(anonymous_1)","decl":{"start":{"line":24,"column":4},"end":{"line":24,"column":5}},"loc":{"start":{"line":24,"column":51},"end":{"line":63,"column":5}},"line":24},"2":{"name":"(anonymous_2)","decl":{"start":{"line":65,"column":4},"end":{"line":65,"column":5}},"loc":{"start":{"line":65,"column":41},"end":{"line":77,"column":5}},"line":65}},"branchMap":{"0":{"loc":{"start":{"line":11,"column":12},"end":{"line":11,"column":88}},"type":"if","locations":[{"start":{"line":11,"column":12},"end":{"line":11,"column":88}},{"start":{},"end":{}}],"line":11},"1":{"loc":{"start":{"line":27,"column":12},"end":{"line":27,"column":89}},"type":"if","locations":[{"start":{"line":27,"column":12},"end":{"line":27,"column":89}},{"start":{},"end":{}}],"line":27},"2":{"loc":{"start":{"line":37,"column":12},"end":{"line":52,"column":13}},"type":"if","locations":[{"start":{"line":37,"column":12},"end":{"line":52,"column":13}},{"start":{},"end":{}}],"line":37},"3":{"loc":{"start":{"line":57,"column":12},"end":{"line":61,"column":13}},"type":"if","locations":[{"start":{"line":57,"column":12},"end":{"line":61,"column":13}},{"start":{"line":59,"column":19},"end":{"line":61,"column":13}}],"line":57},"4":{"loc":{"start":{"line":57,"column":16},"end":{"line":57,"column":92}},"type":"binary-expr","locations":[{"start":{"line":57,"column":16},"end":{"line":57,"column":49}},{"start":{"line":57,"column":53},"end":{"line":57,"column":92}}],"line":57},"5":{"loc":{"start":{"line":68,"column":12},"end":{"line":70,"column":13}},"type":"if","locations":[{"start":{"line":68,"column":12},"end":{"line":70,"column":13}},{"start":{},"end":{}}],"line":68},"6":{"loc":{"start":{"line":68,"column":16},"end":{"line":68,"column":46}},"type":"binary-expr","locations":[{"start":{"line":68,"column":16},"end":{"line":68,"column":21}},{"start":{"line":68,"column":25},"end":{"line":68,"column":46}}],"line":68}},"s":{"0":5,"1":5,"2":5,"3":5,"4":37,"5":37,"6":37,"7":3,"8":34,"9":34,"10":27,"11":27,"12":7,"13":7,"14":0,"15":0,"16":0,"17":0,"18":0,"19":0,"20":0,"21":0,"22":0,"23":0,"24":0,"25":0,"26":0,"27":0,"28":0,"29":2,"30":2,"31":2,"32":1,"33":1,"34":0,"35":0,"36":5},"f":{"0":37,"1":0,"2":2},"b":{"0":[3,34],"1":[0,0],"2":[0,0],"3":[0,0],"4":[0,0],"5":[1,1],"6":[2,2]},"_coverageSchema":"1a1c01bbd47fc00a2c39e90264f33305004495a9","hash":"21916cf15ae878475c08cd86d839e7d9bcfd8aa8"}
,"C:\\Users\\bobby\\OneDrive\\Documents\\RMT-059\\PHASE-2\\Individual-project-yourfoods\\MyBooks\\server\\models\\book.js": {"path":"C:\\Users\\bobby\\OneDrive\\Documents\\RMT-059\\PHASE-2\\Individual-project-yourfoods\\MyBooks\\server\\models\\book.js","statementMap":{"0":{"start":{"line":4,"column":4},"end":{"line":4,"column":24}},"1":{"start":{"line":5,"column":0},"end":{"line":57,"column":2}},"2":{"start":{"line":14,"column":6},"end":{"line":14,"column":61}},"3":{"start":{"line":15,"column":6},"end":{"line":15,"column":61}},"4":{"start":{"line":18,"column":2},"end":{"line":55,"column":5}},"5":{"start":{"line":56,"column":2},"end":{"line":56,"column":14}}},"fnMap":{"0":{"name":"(anonymous_0)","decl":{"start":{"line":5,"column":17},"end":{"line":5,"column":18}},"loc":{"start":{"line":5,"column":43},"end":{"line":57,"column":1}},"line":5},"1":{"name":"(anonymous_1)","decl":{"start":{"line":12,"column":4},"end":{"line":12,"column":5}},"loc":{"start":{"line":12,"column":29},"end":{"line":16,"column":5}},"line":12}},"branchMap":{},"s":{"0":7,"1":7,"2":7,"3":7,"4":7,"5":7},"f":{"0":7,"1":7},"b":{},"_coverageSchema":"1a1c01bbd47fc00a2c39e90264f33305004495a9","hash":"21361bd16883c9bfb578ae4df4a5df1f5c0d98bf"}
,"C:\\Users\\bobby\\OneDrive\\Documents\\RMT-059\\PHASE-2\\Individual-project-yourfoods\\MyBooks\\server\\models\\favorite.js": {"path":"C:\\Users\\bobby\\OneDrive\\Documents\\RMT-059\\PHASE-2\\Individual-project-yourfoods\\MyBooks\\server\\models\\favorite.js","statementMap":{"0":{"start":{"line":4,"column":4},"end":{"line":4,"column":24}},"1":{"start":{"line":5,"column":0},"end":{"line":40,"column":2}},"2":{"start":{"line":14,"column":6},"end":{"line":14,"column":64}},"3":{"start":{"line":15,"column":6},"end":{"line":15,"column":64}},"4":{"start":{"line":18,"column":2},"end":{"line":38,"column":5}},"5":{"start":{"line":39,"column":2},"end":{"line":39,"column":18}}},"fnMap":{"0":{"name":"(anonymous_0)","decl":{"start":{"line":5,"column":17},"end":{"line":5,"column":18}},"loc":{"start":{"line":5,"column":43},"end":{"line":40,"column":1}},"line":5},"1":{"name":"(anonymous_1)","decl":{"start":{"line":12,"column":4},"end":{"line":12,"column":5}},"loc":{"start":{"line":12,"column":29},"end":{"line":16,"column":5}},"line":12}},"branchMap":{},"s":{"0":7,"1":7,"2":7,"3":7,"4":7,"5":7},"f":{"0":7,"1":7},"b":{},"_coverageSchema":"1a1c01bbd47fc00a2c39e90264f33305004495a9","hash":"e44b23a1b5e13cd82f7a9a7eff7a47f2689765bd"}
,"C:\\Users\\bobby\\OneDrive\\Documents\\RMT-059\\PHASE-2\\Individual-project-yourfoods\\MyBooks\\server\\models\\index.js": {"path":"C:\\Users\\bobby\\OneDrive\\Documents\\RMT-059\\PHASE-2\\Individual-project-yourfoods\\MyBooks\\server\\models\\index.js","statementMap":{"0":{"start":{"line":3,"column":11},"end":{"line":3,"column":24}},"1":{"start":{"line":4,"column":13},"end":{"line":4,"column":28}},"2":{"start":{"line":5,"column":18},"end":{"line":5,"column":38}},"3":{"start":{"line":6,"column":16},"end":{"line":6,"column":34}},"4":{"start":{"line":7,"column":17},"end":{"line":7,"column":42}},"5":{"start":{"line":8,"column":12},"end":{"line":8,"column":49}},"6":{"start":{"line":9,"column":15},"end":{"line":9,"column":65}},"7":{"start":{"line":10,"column":11},"end":{"line":10,"column":13}},"8":{"start":{"line":13,"column":0},"end":{"line":17,"column":1}},"9":{"start":{"line":14,"column":2},"end":{"line":14,"column":74}},"10":{"start":{"line":16,"column":2},"end":{"line":16,"column":87}},"11":{"start":{"line":19,"column":0},"end":{"line":32,"column":5}},"12":{"start":{"line":22,"column":4},"end":{"line":27,"column":6}},"13":{"start":{"line":30,"column":18},"end":{"line":30,"column":85}},"14":{"start":{"line":31,"column":4},"end":{"line":31,"column":27}},"15":{"start":{"line":34,"column":0},"end":{"line":38,"column":3}},"16":{"start":{"line":35,"column":2},"end":{"line":37,"column":3}},"17":{"start":{"line":36,"column":4},"end":{"line":36,"column":32}},"18":{"start":{"line":40,"column":0},"end":{"line":40,"column":25}},"19":{"start":{"line":41,"column":0},"end":{"line":41,"column":25}},"20":{"start":{"line":43,"column":0},"end":{"line":43,"column":20}}},"fnMap":{"0":{"name":"(anonymous_0)","decl":{"start":{"line":21,"column":10},"end":{"line":21,"column":11}},"loc":{"start":{"line":21,"column":18},"end":{"line":28,"column":3}},"line":21},"1":{"name":"(anonymous_1)","decl":{"start":{"line":29,"column":11},"end":{"line":29,"column":12}},"loc":{"start":{"line":29,"column":19},"end":{"line":32,"column":3}},"line":29},"2":{"name":"(anonymous_2)","decl":{"start":{"line":34,"column":24},"end":{"line":34,"column":25}},"loc":{"start":{"line":34,"column":37},"end":{"line":38,"column":1}},"line":34}},"branchMap":{"0":{"loc":{"start":{"line":8,"column":12},"end":{"line":8,"column":49}},"type":"binary-expr","locations":[{"start":{"line":8,"column":12},"end":{"line":8,"column":32}},{"start":{"line":8,"column":36},"end":{"line":8,"column":49}}],"line":8},"1":{"loc":{"start":{"line":13,"column":0},"end":{"line":17,"column":1}},"type":"if","locations":[{"start":{"line":13,"column":0},"end":{"line":17,"column":1}},{"start":{"line":15,"column":7},"end":{"line":17,"column":1}}],"line":13},"2":{"loc":{"start":{"line":23,"column":6},"end":{"line":26,"column":37}},"type":"binary-expr","locations":[{"start":{"line":23,"column":6},"end":{"line":23,"column":29}},{"start":{"line":24,"column":6},"end":{"line":24,"column":23}},{"start":{"line":25,"column":6},"end":{"line":25,"column":30}},{"start":{"line":26,"column":6},"end":{"line":26,"column":37}}],"line":23},"3":{"loc":{"start":{"line":35,"column":2},"end":{"line":37,"column":3}},"type":"if","locations":[{"start":{"line":35,"column":2},"end":{"line":37,"column":3}},{"start":{},"end":{}}],"line":35}},"s":{"0":7,"1":7,"2":7,"3":7,"4":7,"5":7,"6":7,"7":7,"8":7,"9":1,"10":6,"11":7,"12":35,"13":28,"14":28,"15":7,"16":28,"17":28,"18":7,"19":7,"20":7},"f":{"0":35,"1":28,"2":28},"b":{"0":[7,0],"1":[1,6],"2":[35,35,28,28],"3":[28,0]},"_coverageSchema":"1a1c01bbd47fc00a2c39e90264f33305004495a9","hash":"0a2e9c08b09b02e6ffd39f12f3271c89dc20bd11"}
,"C:\\Users\\bobby\\OneDrive\\Documents\\RMT-059\\PHASE-2\\Individual-project-yourfoods\\MyBooks\\server\\models\\purchase.js": {"path":"C:\\Users\\bobby\\OneDrive\\Documents\\RMT-059\\PHASE-2\\Individual-project-yourfoods\\MyBooks\\server\\models\\purchase.js","statementMap":{"0":{"start":{"line":4,"column":4},"end":{"line":4,"column":24}},"1":{"start":{"line":5,"column":0},"end":{"line":64,"column":2}},"2":{"start":{"line":14,"column":6},"end":{"line":14,"column":64}},"3":{"start":{"line":15,"column":6},"end":{"line":15,"column":64}},"4":{"start":{"line":18,"column":2},"end":{"line":62,"column":5}},"5":{"start":{"line":63,"column":2},"end":{"line":63,"column":18}}},"fnMap":{"0":{"name":"(anonymous_0)","decl":{"start":{"line":5,"column":17},"end":{"line":5,"column":18}},"loc":{"start":{"line":5,"column":43},"end":{"line":64,"column":1}},"line":5},"1":{"name":"(anonymous_1)","decl":{"start":{"line":12,"column":4},"end":{"line":12,"column":5}},"loc":{"start":{"line":12,"column":29},"end":{"line":16,"column":5}},"line":12}},"branchMap":{},"s":{"0":7,"1":7,"2":7,"3":7,"4":7,"5":7},"f":{"0":7,"1":7},"b":{},"_coverageSchema":"1a1c01bbd47fc00a2c39e90264f33305004495a9","hash":"c45132b6ac62b5087e93add7a69a17370a76f424"}
,"C:\\Users\\bobby\\OneDrive\\Documents\\RMT-059\\PHASE-2\\Individual-project-yourfoods\\MyBooks\\server\\models\\user.js": {"path":"C:\\Users\\bobby\\OneDrive\\Documents\\RMT-059\\PHASE-2\\Individual-project-yourfoods\\MyBooks\\server\\models\\user.js","statementMap":{"0":{"start":{"line":4,"column":4},"end":{"line":4,"column":24}},"1":{"start":{"line":5,"column":0},"end":{"line":49,"column":2}},"2":{"start":{"line":14,"column":6},"end":{"line":14,"column":83}},"3":{"start":{"line":15,"column":6},"end":{"line":15,"column":62}},"4":{"start":{"line":18,"column":2},"end":{"line":47,"column":5}},"5":{"start":{"line":48,"column":2},"end":{"line":48,"column":14}}},"fnMap":{"0":{"name":"(anonymous_0)","decl":{"start":{"line":5,"column":17},"end":{"line":5,"column":18}},"loc":{"start":{"line":5,"column":43},"end":{"line":49,"column":1}},"line":5},"1":{"name":"(anonymous_1)","decl":{"start":{"line":12,"column":4},"end":{"line":12,"column":5}},"loc":{"start":{"line":12,"column":29},"end":{"line":16,"column":7}},"line":12}},"branchMap":{},"s":{"0":7,"1":7,"2":7,"3":7,"4":7,"5":7},"f":{"0":7,"1":7},"b":{},"_coverageSchema":"1a1c01bbd47fc00a2c39e90264f33305004495a9","hash":"a450dab1ecd2abea94495676ee0bddcab6e09a6c"}
}
