TN:
SF:app.js
FN:24,(anonymous_0)
FNF:1
FNH:1
FNDA:1,(anonymous_0)
DA:1,4
DA:2,3
DA:5,4
DA:6,4
DA:7,4
DA:8,4
DA:9,4
DA:10,4
DA:11,4
DA:12,4
DA:13,4
DA:14,4
DA:15,4
DA:16,4
DA:18,4
DA:19,4
DA:20,4
DA:22,4
DA:24,4
DA:25,1
DA:29,4
DA:30,4
DA:32,4
DA:33,4
DA:34,4
DA:37,4
DA:40,4
DA:41,4
DA:42,4
DA:45,4
DA:46,4
DA:47,4
DA:50,4
DA:51,4
DA:54,4
DA:55,4
DA:58,4
DA:59,4
DA:62,4
DA:63,4
DA:66,4
DA:67,4
DA:68,4
DA:70,4
LF:44
LH:44
BRDA:1,0,0,3
BRDA:1,0,1,1
BRF:2
BRH:2
end_of_record
TN:
SF:controllers\adminController.js
FN:4,(anonymous_0)
FN:21,(anonymous_1)
FN:39,(anonymous_2)
FN:49,(anonymous_3)
FN:69,(anonymous_4)
FNF:5
FNH:5
FNDA:3,(anonymous_0)
FNDA:2,(anonymous_1)
FNDA:3,(anonymous_2)
FNDA:7,(anonymous_3)
FNDA:4,(anonymous_4)
DA:1,5
DA:5,3
DA:6,3
DA:14,2
DA:16,1
DA:17,1
DA:22,2
DA:23,2
DA:31,2
DA:32,1
DA:34,0
DA:35,0
DA:40,3
DA:41,3
DA:42,3
DA:44,0
DA:45,0
DA:50,7
DA:51,7
DA:52,3
DA:54,3
DA:55,3
DA:56,3
DA:59,0
DA:60,0
DA:62,0
DA:64,4
DA:65,4
DA:70,4
DA:71,4
DA:73,4
DA:74,4
DA:75,2
DA:78,2
DA:79,2
DA:81,0
DA:82,0
DA:87,5
LF:38
LH:29
BRDA:31,0,0,1
BRDA:31,0,1,1
BRDA:55,1,0,3
BRDA:55,1,1,0
BRDA:74,2,0,2
BRDA:74,2,1,2
BRF:6
BRH:5
end_of_record
TN:
SF:controllers\bookController.js
FN:6,(anonymous_0)
FN:16,(anonymous_1)
FN:29,(anonymous_2)
FN:55,(anonymous_3)
FN:76,(anonymous_4)
FN:100,(anonymous_5)
FN:118,(anonymous_6)
FNF:7
FNH:4
FNDA:1,(anonymous_0)
FNDA:2,(anonymous_1)
FNDA:0,(anonymous_2)
FNDA:1,(anonymous_3)
FNDA:2,(anonymous_4)
FNDA:0,(anonymous_5)
FNDA:0,(anonymous_6)
DA:1,5
DA:2,5
DA:7,1
DA:8,1
DA:9,1
DA:11,0
DA:12,0
DA:17,2
DA:18,2
DA:19,2
DA:21,2
DA:22,1
DA:24,0
DA:25,0
DA:30,0
DA:31,0
DA:32,0
DA:34,0
DA:35,0
DA:40,0
DA:41,0
DA:46,0
DA:47,0
DA:49,0
DA:50,0
DA:56,1
DA:57,1
DA:59,1
DA:69,1
DA:71,0
DA:72,0
DA:77,2
DA:78,2
DA:79,2
DA:80,2
DA:82,2
DA:84,0
DA:85,0
DA:86,0
DA:87,0
DA:88,0
DA:89,0
DA:90,0
DA:91,0
DA:93,0
DA:95,0
DA:96,0
DA:101,0
DA:102,0
DA:103,0
DA:105,0
DA:106,0
DA:107,0
DA:109,0
DA:110,0
DA:116,5
DA:118,5
DA:119,0
LF:58
LH:21
BRDA:21,0,0,1
BRDA:21,0,1,1
BRDA:34,1,0,0
BRDA:34,1,1,0
BRDA:40,2,0,0
BRDA:40,2,1,0
BRDA:82,3,0,2
BRDA:82,3,1,0
BRDA:105,4,0,0
BRDA:105,4,1,0
BRF:10
BRH:3
end_of_record
TN:
SF:controllers\favoriteController.js
FN:4,(anonymous_0)
FN:36,(anonymous_1)
FN:56,(anonymous_2)
FNF:3
FNH:2
FNDA:2,(anonymous_0)
FNDA:2,(anonymous_1)
FNDA:0,(anonymous_2)
DA:1,5
DA:5,2
DA:6,2
DA:7,2
DA:9,2
DA:11,2
DA:13,1
DA:14,1
DA:18,1
DA:20,1
DA:23,1
DA:25,1
DA:29,1
DA:31,0
DA:32,0
DA:37,2
DA:38,2
DA:46,2
DA:48,0
DA:49,0
DA:54,5
DA:56,5
DA:57,0
LF:23
LH:18
BRDA:11,0,0,1
BRDA:11,0,1,1
BRDA:18,1,0,0
BRDA:18,1,1,1
BRDA:18,2,0,1
BRDA:18,2,1,0
BRDA:23,3,0,0
BRDA:23,3,1,1
BRF:8
BRH:5
end_of_record
TN:
SF:controllers\geminiController.js
FN:6,(anonymous_0)
FN:17,(anonymous_1)
FN:36,(anonymous_2)
FN:51,(anonymous_3)
FNF:4
FNH:1
FNDA:4,(anonymous_0)
FNDA:0,(anonymous_1)
FNDA:0,(anonymous_2)
FNDA:0,(anonymous_3)
DA:1,5
DA:2,5
DA:3,5
DA:7,4
DA:8,4
DA:11,4
DA:12,0
DA:13,0
DA:14,0
DA:17,0
DA:18,0
DA:21,4
DA:22,0
DA:23,0
DA:24,0
DA:25,0
DA:28,0
DA:32,0
DA:33,0
DA:36,0
DA:37,0
DA:40,0
DA:41,0
DA:43,4
DA:44,4
DA:49,5
DA:51,5
DA:52,0
LF:28
LH:11
BRDA:11,0,0,0
BRDA:11,0,1,4
BRDA:13,1,0,0
BRDA:13,1,1,0
BRDA:22,2,0,0
BRDA:22,2,1,0
BRDA:24,3,0,0
BRDA:24,3,1,0
BRDA:32,4,0,0
BRDA:32,4,1,0
BRF:10
BRH:1
end_of_record
TN:
SF:controllers\purchaseController.js
FN:5,(anonymous_0)
FN:72,(anonymous_1)
FNF:2
FNH:2
FNDA:14,(anonymous_0)
FNDA:2,(anonymous_1)
DA:1,5
DA:2,5
DA:6,14
DA:7,14
DA:8,14
DA:9,14
DA:11,14
DA:12,1
DA:15,13
DA:16,4
DA:19,9
DA:20,3
DA:23,6
DA:24,6
DA:26,4
DA:27,1
DA:30,3
DA:35,3
DA:45,3
DA:46,3
DA:48,2
DA:57,2
DA:63,1
DA:64,1
DA:67,0
DA:68,0
DA:73,2
DA:74,2
DA:75,2
DA:77,2
DA:79,2
DA:80,1
DA:83,1
DA:84,0
DA:88,0
DA:89,0
DA:90,0
DA:91,0
DA:93,0
DA:96,0
DA:100,0
DA:102,1
DA:103,1
DA:108,5
LF:44
LH:34
BRDA:11,0,0,1
BRDA:11,0,1,13
BRDA:15,1,0,4
BRDA:15,1,1,9
BRDA:15,2,0,13
BRDA:15,2,1,10
BRDA:19,3,0,3
BRDA:19,3,1,6
BRDA:19,4,0,9
BRDA:19,4,1,9
BRDA:24,5,0,2
BRDA:24,5,1,4
BRDA:26,6,0,1
BRDA:26,6,1,3
BRDA:79,7,0,1
BRDA:79,7,1,1
BRDA:84,8,0,0
BRDA:84,8,1,0
BRDA:88,9,0,0
BRDA:88,9,1,0
BRDA:88,10,0,0
BRDA:88,10,1,0
BRDA:90,11,0,0
BRDA:90,11,1,0
BRDA:90,12,0,0
BRDA:90,12,1,0
BRF:26
BRH:16
end_of_record
TN:
SF:controllers\transactionController.js
FN:4,(anonymous_0)
FN:22,(anonymous_1)
FN:45,(anonymous_2)
FNF:3
FNH:2
FNDA:1,(anonymous_0)
FNDA:3,(anonymous_1)
FNDA:0,(anonymous_2)
DA:1,5
DA:5,1
DA:6,1
DA:15,1
DA:17,0
DA:18,0
DA:23,3
DA:24,3
DA:32,3
DA:34,0
DA:36,0
DA:37,0
DA:43,5
DA:45,5
DA:46,0
LF:15
LH:9
BRDA:32,0,0,3
BRDA:32,0,1,0
BRF:2
BRH:1
end_of_record
TN:
SF:controllers\userController.js
FN:8,(anonymous_0)
FN:46,(anonymous_1)
FN:60,(anonymous_2)
FN:78,(anonymous_3)
FN:92,(anonymous_4)
FN:100,(anonymous_5)
FNF:6
FNH:1
FNDA:0,(anonymous_0)
FNDA:4,(anonymous_1)
FNDA:0,(anonymous_2)
FNDA:0,(anonymous_3)
FNDA:0,(anonymous_4)
FNDA:0,(anonymous_5)
DA:1,5
DA:2,5
DA:3,5
DA:9,0
DA:10,0
DA:12,0
DA:14,0
DA:19,0
DA:20,0
DA:22,0
DA:23,0
DA:25,0
DA:26,0
DA:34,0
DA:37,0
DA:39,0
DA:41,0
DA:42,0
DA:47,4
DA:48,4
DA:49,4
DA:53,3
DA:55,1
DA:56,1
DA:61,0
DA:62,0
DA:63,0
DA:65,0
DA:66,0
DA:68,0
DA:69,0
DA:71,0
DA:73,0
DA:74,0
DA:79,0
DA:80,0
DA:85,0
DA:87,0
DA:88,0
DA:93,0
DA:98,5
DA:100,5
DA:101,0
LF:43
LH:11
BRDA:25,0,0,0
BRDA:25,0,1,0
BRDA:66,1,0,0
BRDA:66,1,1,0
BRF:4
BRH:0
end_of_record
TN:
SF:helpers\geminiAI.js
FN:7,generateText
FNF:1
FNH:1
FNDA:1,generateText
DA:1,5
DA:2,5
DA:3,5
DA:5,5
DA:8,1
DA:9,1
DA:10,0
DA:12,1
DA:16,1
DA:17,0
DA:35,1
DA:38,1
DA:39,0
DA:40,0
DA:41,0
DA:42,0
DA:43,0
DA:48,0
DA:50,1
DA:51,1
DA:56,5
LF:21
LH:13
BRDA:9,0,0,0
BRDA:9,0,1,1
BRDA:16,1,0,0
BRDA:16,1,1,1
BRF:4
BRH:2
end_of_record
TN:
SF:middlewares\authMiddleware.js
FN:5,(anonymous_0)
FN:22,(anonymous_1)
FN:52,(anonymous_2)
FNF:3
FNH:1
FNDA:30,(anonymous_0)
FNDA:0,(anonymous_1)
FNDA:0,(anonymous_2)
DA:1,4
DA:2,4
DA:6,30
DA:7,30
DA:9,30
DA:11,28
DA:12,28
DA:13,25
DA:15,25
DA:17,3
DA:18,3
DA:23,0
DA:24,0
DA:25,0
DA:27,0
DA:32,0
DA:33,0
DA:35,0
DA:36,0
DA:44,0
DA:45,0
DA:47,0
DA:48,0
DA:53,0
DA:54,0
DA:55,0
DA:56,0
DA:59,0
DA:61,0
DA:62,0
DA:67,4
LF:31
LH:12
BRDA:9,0,0,2
BRDA:9,0,1,28
BRDA:25,1,0,0
BRDA:25,1,1,0
BRDA:35,2,0,0
BRDA:35,2,1,0
BRDA:55,3,0,0
BRDA:55,3,1,0
BRDA:55,4,0,0
BRDA:55,4,1,0
BRF:10
BRH:2
end_of_record
TN:
SF:models\book.js
FN:5,(anonymous_0)
FN:12,(anonymous_1)
FNF:2
FNH:2
FNDA:9,(anonymous_0)
FNDA:9,(anonymous_1)
DA:4,9
DA:5,9
DA:14,9
DA:15,9
DA:18,9
DA:56,9
LF:6
LH:6
BRF:0
BRH:0
end_of_record
TN:
SF:models\favorite.js
FN:5,(anonymous_0)
FN:12,(anonymous_1)
FNF:2
FNH:2
FNDA:9,(anonymous_0)
FNDA:9,(anonymous_1)
DA:4,9
DA:5,9
DA:14,9
DA:15,9
DA:18,9
DA:39,9
LF:6
LH:6
BRF:0
BRH:0
end_of_record
TN:
SF:models\index.js
FN:21,(anonymous_0)
FN:29,(anonymous_1)
FN:34,(anonymous_2)
FNF:3
FNH:3
FNDA:45,(anonymous_0)
FNDA:36,(anonymous_1)
FNDA:36,(anonymous_2)
DA:3,9
DA:4,9
DA:5,9
DA:6,9
DA:7,9
DA:8,9
DA:9,9
DA:10,9
DA:13,9
DA:14,1
DA:16,8
DA:19,9
DA:22,45
DA:30,36
DA:31,36
DA:34,9
DA:35,36
DA:36,36
DA:40,9
DA:41,9
DA:43,9
LF:21
LH:21
BRDA:8,0,0,9
BRDA:8,0,1,0
BRDA:13,1,0,1
BRDA:13,1,1,8
BRDA:23,2,0,45
BRDA:23,2,1,45
BRDA:23,2,2,36
BRDA:23,2,3,36
BRDA:35,3,0,36
BRDA:35,3,1,0
BRF:10
BRH:8
end_of_record
TN:
SF:models\purchase.js
FN:5,(anonymous_0)
FN:12,(anonymous_1)
FNF:2
FNH:2
FNDA:9,(anonymous_0)
FNDA:9,(anonymous_1)
DA:4,9
DA:5,9
DA:14,9
DA:15,9
DA:18,9
DA:63,9
LF:6
LH:6
BRF:0
BRH:0
end_of_record
TN:
SF:models\user.js
FN:5,(anonymous_0)
FN:12,(anonymous_1)
FNF:2
FNH:2
FNDA:9,(anonymous_0)
FNDA:9,(anonymous_1)
DA:4,9
DA:5,9
DA:14,9
DA:15,9
DA:18,9
DA:48,9
LF:6
LH:6
BRF:0
BRH:0
end_of_record
