TN:
SF:app.js
FN:24,(anonymous_0)
FNF:1
FNH:1
FNDA:1,(anonymous_0)
DA:1,4
DA:2,3
DA:5,4
DA:6,4
DA:7,4
DA:8,4
DA:9,4
DA:10,4
DA:11,4
DA:12,4
DA:13,4
DA:14,4
DA:15,4
DA:16,4
DA:18,4
DA:19,4
DA:20,4
DA:22,4
DA:24,4
DA:25,1
DA:29,4
DA:30,4
DA:32,4
DA:33,4
DA:34,4
DA:37,4
DA:40,4
DA:41,4
DA:42,4
DA:45,4
DA:46,4
DA:47,4
DA:50,4
DA:51,4
DA:54,4
DA:55,4
DA:58,4
DA:59,4
DA:62,4
DA:63,4
DA:66,4
DA:67,4
DA:68,4
DA:70,4
LF:44
LH:44
BRDA:1,0,0,3
BRDA:1,0,1,1
BRF:2
BRH:2
end_of_record
TN:
SF:controllers\adminController.js
FN:4,(anonymous_0)
FN:21,(anonymous_1)
FN:39,(anonymous_2)
FN:49,(anonymous_3)
FN:73,(anonymous_4)
FNF:5
FNH:5
FNDA:3,(anonymous_0)
FNDA:2,(anonymous_1)
FNDA:3,(anonymous_2)
FNDA:9,(anonymous_3)
FNDA:5,(anonymous_4)
DA:1,5
DA:5,3
DA:6,3
DA:14,2
DA:16,1
DA:17,1
DA:22,2
DA:23,2
DA:31,2
DA:32,1
DA:34,0
DA:35,0
DA:40,3
DA:41,3
DA:42,3
DA:44,0
DA:45,0
DA:50,9
DA:51,9
DA:52,9
DA:54,9
DA:55,4
DA:58,5
DA:59,5
DA:60,3
DA:63,2
DA:64,2
DA:66,2
DA:68,0
DA:69,0
DA:74,5
DA:75,5
DA:77,5
DA:78,5
DA:79,3
DA:82,2
DA:83,2
DA:85,0
DA:86,0
DA:91,5
LF:40
LH:32
BRDA:31,0,0,1
BRDA:31,0,1,1
BRDA:54,1,0,4
BRDA:54,1,1,5
BRDA:59,2,0,3
BRDA:59,2,1,2
BRDA:78,3,0,3
BRDA:78,3,1,2
BRF:8
BRH:8
end_of_record
TN:
SF:controllers\bookController.js
FN:6,(anonymous_0)
FN:16,(anonymous_1)
FN:29,(anonymous_2)
FN:55,(anonymous_3)
FN:76,(anonymous_4)
FN:100,(anonymous_5)
FN:118,(anonymous_6)
FNF:7
FNH:6
FNDA:1,(anonymous_0)
FNDA:2,(anonymous_1)
FNDA:1,(anonymous_2)
FNDA:2,(anonymous_3)
FNDA:3,(anonymous_4)
FNDA:1,(anonymous_5)
FNDA:0,(anonymous_6)
DA:1,5
DA:2,5
DA:7,1
DA:8,1
DA:9,1
DA:11,0
DA:12,0
DA:17,2
DA:18,2
DA:19,2
DA:21,2
DA:22,1
DA:24,0
DA:25,0
DA:30,1
DA:31,1
DA:32,1
DA:34,1
DA:35,1
DA:40,1
DA:41,0
DA:46,1
DA:47,1
DA:49,0
DA:50,0
DA:56,2
DA:57,2
DA:59,2
DA:69,2
DA:71,0
DA:72,0
DA:77,3
DA:78,3
DA:79,3
DA:80,3
DA:82,3
DA:84,1
DA:85,1
DA:86,1
DA:87,1
DA:88,1
DA:89,1
DA:90,1
DA:91,1
DA:93,1
DA:95,0
DA:96,0
DA:101,1
DA:102,1
DA:103,1
DA:105,1
DA:106,1
DA:107,1
DA:109,0
DA:110,0
DA:116,5
DA:118,5
DA:119,0
LF:58
LH:44
BRDA:21,0,0,1
BRDA:21,0,1,1
BRDA:34,1,0,1
BRDA:34,1,1,0
BRDA:40,2,0,0
BRDA:40,2,1,1
BRDA:82,3,0,2
BRDA:82,3,1,1
BRDA:105,4,0,0
BRDA:105,4,1,1
BRF:10
BRH:7
end_of_record
TN:
SF:controllers\favoriteController.js
FN:4,(anonymous_0)
FN:36,(anonymous_1)
FN:56,(anonymous_2)
FNF:3
FNH:2
FNDA:4,(anonymous_0)
FNDA:3,(anonymous_1)
FNDA:0,(anonymous_2)
DA:1,5
DA:5,4
DA:6,4
DA:7,4
DA:9,4
DA:11,4
DA:13,2
DA:14,2
DA:18,2
DA:20,2
DA:23,2
DA:25,2
DA:29,2
DA:31,0
DA:32,0
DA:37,3
DA:38,3
DA:46,3
DA:48,0
DA:49,0
DA:54,5
DA:56,5
DA:57,0
LF:23
LH:18
BRDA:11,0,0,2
BRDA:11,0,1,2
BRDA:18,1,0,0
BRDA:18,1,1,2
BRDA:18,2,0,2
BRDA:18,2,1,0
BRDA:23,3,0,0
BRDA:23,3,1,2
BRF:8
BRH:5
end_of_record
TN:
SF:controllers\geminiController.js
FN:6,(anonymous_0)
FN:20,(anonymous_1)
FN:39,(anonymous_2)
FN:54,(anonymous_3)
FNF:4
FNH:3
FNDA:10,(anonymous_0)
FNDA:2,(anonymous_1)
FNDA:1,(anonymous_2)
FNDA:0,(anonymous_3)
DA:1,5
DA:2,5
DA:3,5
DA:7,10
DA:8,10
DA:10,10
DA:11,5
DA:14,5
DA:15,1
DA:16,1
DA:17,0
DA:20,2
DA:21,1
DA:24,4
DA:25,4
DA:26,3
DA:27,3
DA:28,0
DA:31,3
DA:35,2
DA:36,1
DA:39,1
DA:40,1
DA:43,1
DA:44,1
DA:46,1
DA:47,1
DA:52,5
DA:54,5
DA:55,0
LF:30
LH:27
BRDA:10,0,0,5
BRDA:10,0,1,5
BRDA:10,1,0,10
BRDA:10,1,1,5
BRDA:14,2,0,1
BRDA:14,2,1,4
BRDA:16,3,0,0
BRDA:16,3,1,1
BRDA:25,4,0,3
BRDA:25,4,1,1
BRDA:27,5,0,0
BRDA:27,5,1,3
BRDA:35,6,0,1
BRDA:35,6,1,1
BRF:14
BRH:12
end_of_record
TN:
SF:controllers\purchaseController.js
FN:5,(anonymous_0)
FN:72,(anonymous_1)
FNF:2
FNH:2
FNDA:19,(anonymous_0)
FNDA:7,(anonymous_1)
DA:1,5
DA:2,5
DA:6,19
DA:7,19
DA:8,19
DA:9,19
DA:11,19
DA:12,4
DA:15,15
DA:16,5
DA:19,10
DA:20,3
DA:23,7
DA:24,7
DA:26,4
DA:27,1
DA:30,3
DA:35,3
DA:45,3
DA:46,3
DA:48,2
DA:57,2
DA:63,1
DA:64,1
DA:67,0
DA:68,0
DA:73,7
DA:74,7
DA:75,7
DA:77,7
DA:79,7
DA:80,3
DA:83,4
DA:84,4
DA:85,2
DA:86,2
DA:89,2
DA:91,2
DA:92,2
DA:96,1
DA:97,1
DA:98,0
DA:99,0
DA:101,0
DA:104,1
DA:108,1
DA:110,0
DA:111,0
DA:116,5
LF:49
LH:42
BRDA:11,0,0,4
BRDA:11,0,1,15
BRDA:15,1,0,5
BRDA:15,1,1,10
BRDA:15,2,0,15
BRDA:15,2,1,12
BRDA:19,3,0,3
BRDA:19,3,1,7
BRDA:19,4,0,10
BRDA:19,4,1,10
BRDA:24,5,0,3
BRDA:24,5,1,4
BRDA:26,6,0,1
BRDA:26,6,1,3
BRDA:79,7,0,3
BRDA:79,7,1,4
BRDA:84,8,0,2
BRDA:84,8,1,2
BRDA:92,9,0,1
BRDA:92,9,1,1
BRDA:96,10,0,1
BRDA:96,10,1,0
BRDA:96,11,0,1
BRDA:96,11,1,0
BRDA:98,12,0,0
BRDA:98,12,1,0
BRDA:98,13,0,0
BRDA:98,13,1,0
BRF:28
BRH:22
end_of_record
TN:
SF:controllers\transactionController.js
FN:4,(anonymous_0)
FN:22,(anonymous_1)
FN:45,(anonymous_2)
FNF:3
FNH:2
FNDA:1,(anonymous_0)
FNDA:5,(anonymous_1)
FNDA:0,(anonymous_2)
DA:1,5
DA:5,1
DA:6,1
DA:15,1
DA:17,0
DA:18,0
DA:23,5
DA:24,5
DA:32,5
DA:34,1
DA:36,0
DA:37,0
DA:43,5
DA:45,5
DA:46,0
LF:15
LH:10
BRDA:32,0,0,4
BRDA:32,0,1,1
BRF:2
BRH:2
end_of_record
TN:
SF:controllers\userController.js
FN:8,(anonymous_0)
FN:46,(anonymous_1)
FN:60,(anonymous_2)
FN:78,(anonymous_3)
FN:92,(anonymous_4)
FN:100,(anonymous_5)
FNF:6
FNH:5
FNDA:2,(anonymous_0)
FNDA:4,(anonymous_1)
FNDA:2,(anonymous_2)
FNDA:2,(anonymous_3)
FNDA:1,(anonymous_4)
FNDA:0,(anonymous_5)
DA:1,5
DA:2,5
DA:3,5
DA:9,2
DA:10,2
DA:12,2
DA:14,2
DA:19,1
DA:20,1
DA:22,1
DA:23,1
DA:25,1
DA:26,1
DA:34,1
DA:37,1
DA:39,1
DA:41,1
DA:42,1
DA:47,4
DA:48,4
DA:49,4
DA:53,3
DA:55,1
DA:56,1
DA:61,2
DA:62,2
DA:63,2
DA:65,2
DA:66,1
DA:68,1
DA:69,1
DA:71,1
DA:73,1
DA:74,1
DA:79,2
DA:80,2
DA:85,1
DA:87,1
DA:88,1
DA:93,1
DA:98,5
DA:100,5
DA:101,0
LF:43
LH:42
BRDA:25,0,0,1
BRDA:25,0,1,0
BRDA:66,1,0,0
BRDA:66,1,1,1
BRF:4
BRH:2
end_of_record
TN:
SF:helpers\geminiAI.js
FN:7,generateText
FNF:1
FNH:1
FNDA:10,generateText
DA:1,6
DA:2,6
DA:3,6
DA:5,6
DA:8,10
DA:9,10
DA:10,1
DA:12,9
DA:16,9
DA:17,1
DA:35,8
DA:38,9
DA:40,9
DA:41,0
DA:42,0
DA:45,0
DA:46,0
DA:47,0
DA:48,0
DA:50,0
DA:53,0
DA:54,0
DA:57,10
DA:58,10
DA:62,6
LF:25
LH:16
BRDA:9,0,0,1
BRDA:9,0,1,9
BRDA:16,1,0,1
BRDA:16,1,1,8
BRDA:47,2,0,0
BRDA:47,2,1,0
BRDA:47,3,0,0
BRDA:47,3,1,0
BRDA:47,3,2,0
BRF:9
BRH:4
end_of_record
TN:
SF:middlewares\authMiddleware.js
FN:7,(anonymous_0)
FN:24,(anonymous_1)
FN:65,(anonymous_2)
FNF:3
FNH:2
FNDA:37,(anonymous_0)
FNDA:0,(anonymous_1)
FNDA:2,(anonymous_2)
DA:1,5
DA:2,5
DA:3,5
DA:4,5
DA:8,37
DA:9,37
DA:11,37
DA:13,34
DA:14,34
DA:15,27
DA:17,27
DA:19,7
DA:20,7
DA:25,0
DA:26,0
DA:27,0
DA:29,0
DA:34,0
DA:35,0
DA:37,0
DA:38,0
DA:44,0
DA:54,0
DA:55,0
DA:57,0
DA:58,0
DA:60,0
DA:66,2
DA:67,2
DA:68,2
DA:69,1
DA:72,1
DA:74,0
DA:75,0
DA:80,5
LF:35
LH:19
BRDA:11,0,0,3
BRDA:11,0,1,34
BRDA:27,1,0,0
BRDA:27,1,1,0
BRDA:37,2,0,0
BRDA:37,2,1,0
BRDA:57,3,0,0
BRDA:57,3,1,0
BRDA:57,4,0,0
BRDA:57,4,1,0
BRDA:68,5,0,1
BRDA:68,5,1,1
BRDA:68,6,0,2
BRDA:68,6,1,2
BRF:14
BRH:6
end_of_record
TN:
SF:models\book.js
FN:5,(anonymous_0)
FN:12,(anonymous_1)
FNF:2
FNH:2
FNDA:7,(anonymous_0)
FNDA:7,(anonymous_1)
DA:4,7
DA:5,7
DA:14,7
DA:15,7
DA:18,7
DA:56,7
LF:6
LH:6
BRF:0
BRH:0
end_of_record
TN:
SF:models\favorite.js
FN:5,(anonymous_0)
FN:12,(anonymous_1)
FNF:2
FNH:2
FNDA:7,(anonymous_0)
FNDA:7,(anonymous_1)
DA:4,7
DA:5,7
DA:14,7
DA:15,7
DA:18,7
DA:39,7
LF:6
LH:6
BRF:0
BRH:0
end_of_record
TN:
SF:models\index.js
FN:21,(anonymous_0)
FN:29,(anonymous_1)
FN:34,(anonymous_2)
FNF:3
FNH:3
FNDA:35,(anonymous_0)
FNDA:28,(anonymous_1)
FNDA:28,(anonymous_2)
DA:3,7
DA:4,7
DA:5,7
DA:6,7
DA:7,7
DA:8,7
DA:9,7
DA:10,7
DA:13,7
DA:14,1
DA:16,6
DA:19,7
DA:22,35
DA:30,28
DA:31,28
DA:34,7
DA:35,28
DA:36,28
DA:40,7
DA:41,7
DA:43,7
LF:21
LH:21
BRDA:8,0,0,7
BRDA:8,0,1,0
BRDA:13,1,0,1
BRDA:13,1,1,6
BRDA:23,2,0,35
BRDA:23,2,1,35
BRDA:23,2,2,28
BRDA:23,2,3,28
BRDA:35,3,0,28
BRDA:35,3,1,0
BRF:10
BRH:8
end_of_record
TN:
SF:models\purchase.js
FN:5,(anonymous_0)
FN:12,(anonymous_1)
FNF:2
FNH:2
FNDA:7,(anonymous_0)
FNDA:7,(anonymous_1)
DA:4,7
DA:5,7
DA:14,7
DA:15,7
DA:18,7
DA:63,7
LF:6
LH:6
BRF:0
BRH:0
end_of_record
TN:
SF:models\user.js
FN:5,(anonymous_0)
FN:12,(anonymous_1)
FNF:2
FNH:2
FNDA:7,(anonymous_0)
FNDA:7,(anonymous_1)
DA:4,7
DA:5,7
DA:14,7
DA:15,7
DA:18,7
DA:48,7
LF:6
LH:6
BRF:0
BRH:0
end_of_record
